2018-01-21 15:04:14,110:INFO:Program started
2018-01-21 15:04:14,112:INFO:User selected true-category: showstories
2018-01-21 15:04:14,113:INFO:Check category in url
2018-01-21 15:04:14,137:INFO:Starting new HTTPS connection (1): hacker-news.firebaseio.com
2018-01-21 15:04:14,995:INFO:Starting new HTTPS connection (1): hacker-news.firebaseio.com
2018-01-21 15:04:15,724:INFO:Starting new HTTPS connection (1): hacker-news.firebaseio.com
2018-01-21 15:04:16,342:INFO:Starting new HTTPS connection (1): hacker-news.firebaseio.com
2018-01-21 15:04:16,937:INFO:Starting new HTTPS connection (1): hacker-news.firebaseio.com
2018-01-21 15:04:17,455:INFO:Starting new HTTPS connection (1): hacker-news.firebaseio.com
2018-01-21 15:04:18,068:INFO:Starting new HTTPS connection (1): hacker-news.firebaseio.com
2018-01-21 15:04:18,737:INFO:Starting new HTTPS connection (1): hacker-news.firebaseio.com
2018-01-21 15:04:19,363:INFO:Starting new HTTPS connection (1): hacker-news.firebaseio.com
2018-01-21 15:04:19,963:INFO:Starting new HTTPS connection (1): hacker-news.firebaseio.com
2018-01-21 15:04:20,567:INFO:Starting new HTTPS connection (1): hacker-news.firebaseio.com
2018-01-21 15:04:21,172:INFO:Starting new HTTPS connection (1): hacker-news.firebaseio.com
2018-01-21 15:04:21,780:INFO:Starting new HTTPS connection (1): hacker-news.firebaseio.com
2018-01-21 15:04:22,415:INFO:Starting new HTTPS connection (1): hacker-news.firebaseio.com
2018-01-21 15:04:23,043:INFO:Starting new HTTPS connection (1): hacker-news.firebaseio.com
2018-01-21 15:04:23,654:INFO:Starting new HTTPS connection (1): hacker-news.firebaseio.com
2018-01-21 15:04:24,258:INFO:Starting new HTTPS connection (1): hacker-news.firebaseio.com
2018-01-21 15:04:25,001:INFO:Starting new HTTPS connection (1): hacker-news.firebaseio.com
2018-01-21 15:04:25,641:INFO:Starting new HTTPS connection (1): hacker-news.firebaseio.com
2018-01-21 15:04:26,299:INFO:Starting new HTTPS connection (1): hacker-news.firebaseio.com
2018-01-21 15:04:26,967:INFO:Starting new HTTPS connection (1): hacker-news.firebaseio.com
2018-01-21 15:04:27,731:INFO:Starting new HTTPS connection (1): hacker-news.firebaseio.com
2018-01-21 15:04:28,356:INFO:Starting new HTTPS connection (1): hacker-news.firebaseio.com
2018-01-21 15:04:28,964:INFO:Starting new HTTPS connection (1): hacker-news.firebaseio.com
2018-01-21 15:04:29,595:INFO:Starting new HTTPS connection (1): hacker-news.firebaseio.com
2018-01-21 15:04:30,253:INFO:Starting new HTTPS connection (1): hacker-news.firebaseio.com
2018-01-21 15:04:30,870:INFO:Starting new HTTPS connection (1): hacker-news.firebaseio.com
2018-01-21 15:04:31,487:INFO:Starting new HTTPS connection (1): hacker-news.firebaseio.com
2018-01-21 15:04:32,105:INFO:Starting new HTTPS connection (1): hacker-news.firebaseio.com
2018-01-21 15:04:32,756:INFO:Starting new HTTPS connection (1): hacker-news.firebaseio.com
2018-01-21 15:04:33,375:INFO:Starting new HTTPS connection (1): hacker-news.firebaseio.com
2018-01-21 15:04:33,992:INFO:Starting new HTTPS connection (1): hacker-news.firebaseio.com
2018-01-21 15:04:34,829:INFO:Starting new HTTPS connection (1): hacker-news.firebaseio.com
2018-01-21 15:04:35,474:INFO:Starting new HTTPS connection (1): hacker-news.firebaseio.com
2018-01-21 15:04:36,102:INFO:Starting new HTTPS connection (1): hacker-news.firebaseio.com
2018-01-21 15:04:36,854:INFO:Starting new HTTPS connection (1): hacker-news.firebaseio.com
2018-01-21 15:04:37,514:INFO:Starting new HTTPS connection (1): hacker-news.firebaseio.com
2018-01-21 15:04:38,148:INFO:Starting new HTTPS connection (1): hacker-news.firebaseio.com
2018-01-21 15:04:38,836:INFO:Starting new HTTPS connection (1): hacker-news.firebaseio.com
2018-01-21 15:04:39,460:INFO:Starting new HTTPS connection (1): hacker-news.firebaseio.com
2018-01-21 15:04:40,111:INFO:Starting new HTTPS connection (1): hacker-news.firebaseio.com
2018-01-21 15:04:40,775:INFO:Starting new HTTPS connection (1): hacker-news.firebaseio.com
2018-01-21 15:05:14,954:INFO:Program started
2018-01-21 15:05:14,957:INFO:User selected true-category: showstories
2018-01-21 15:05:14,957:INFO:Check category in url
2018-01-21 15:05:14,978:INFO:Starting new HTTPS connection (1): hacker-news.firebaseio.com
2018-01-21 15:05:15,655:INFO:Starting new HTTPS connection (1): hacker-news.firebaseio.com
2018-01-21 15:05:16,261:INFO:Starting new HTTPS connection (1): hacker-news.firebaseio.com
2018-01-21 15:05:16,928:INFO:Starting new HTTPS connection (1): hacker-news.firebaseio.com
2018-01-21 15:05:17,564:INFO:Starting new HTTPS connection (1): hacker-news.firebaseio.com
2018-01-21 15:05:18,765:INFO:Starting new HTTPS connection (1): hacker-news.firebaseio.com
2018-01-21 15:05:19,398:INFO:Starting new HTTPS connection (1): hacker-news.firebaseio.com
2018-01-21 15:05:20,020:INFO:Starting new HTTPS connection (1): hacker-news.firebaseio.com
2018-01-21 15:05:20,638:INFO:Starting new HTTPS connection (1): hacker-news.firebaseio.com
2018-01-21 15:05:21,530:INFO:Starting new HTTPS connection (1): hacker-news.firebaseio.com
2018-01-21 15:05:22,163:INFO:Starting new HTTPS connection (1): hacker-news.firebaseio.com
2018-01-21 15:05:22,822:INFO:Starting new HTTPS connection (1): hacker-news.firebaseio.com
2018-01-21 15:05:23,457:INFO:Starting new HTTPS connection (1): hacker-news.firebaseio.com
2018-01-21 15:05:24,127:INFO:Starting new HTTPS connection (1): hacker-news.firebaseio.com
2018-01-21 15:05:24,741:INFO:Starting new HTTPS connection (1): hacker-news.firebaseio.com
2018-01-21 15:05:25,356:INFO:Starting new HTTPS connection (1): hacker-news.firebaseio.com
2018-01-21 15:05:25,968:INFO:Starting new HTTPS connection (1): hacker-news.firebaseio.com
2018-01-21 15:05:26,578:INFO:Starting new HTTPS connection (1): hacker-news.firebaseio.com
2018-01-21 15:05:27,297:INFO:Starting new HTTPS connection (1): hacker-news.firebaseio.com
2018-01-21 15:05:27,924:INFO:Starting new HTTPS connection (1): hacker-news.firebaseio.com
2018-01-21 15:05:28,540:INFO:Starting new HTTPS connection (1): hacker-news.firebaseio.com
2018-01-21 15:05:29,189:INFO:Starting new HTTPS connection (1): hacker-news.firebaseio.com
2018-01-21 15:05:30,818:INFO:Starting new HTTPS connection (1): hacker-news.firebaseio.com
2018-01-21 15:05:31,430:INFO:Starting new HTTPS connection (1): hacker-news.firebaseio.com
2018-01-21 15:05:32,038:INFO:Starting new HTTPS connection (1): hacker-news.firebaseio.com
2018-01-21 15:05:32,648:INFO:Starting new HTTPS connection (1): hacker-news.firebaseio.com
2018-01-21 15:05:33,247:INFO:Starting new HTTPS connection (1): hacker-news.firebaseio.com
2018-01-21 15:05:33,871:INFO:Starting new HTTPS connection (1): hacker-news.firebaseio.com
2018-01-21 15:05:34,580:INFO:Starting new HTTPS connection (1): hacker-news.firebaseio.com
2018-01-21 15:05:35,188:INFO:Starting new HTTPS connection (1): hacker-news.firebaseio.com
2018-01-21 15:05:35,797:INFO:Starting new HTTPS connection (1): hacker-news.firebaseio.com
2018-01-21 15:05:36,404:INFO:Starting new HTTPS connection (1): hacker-news.firebaseio.com
2018-01-21 15:05:37,007:INFO:Starting new HTTPS connection (1): hacker-news.firebaseio.com
2018-01-21 15:05:37,629:INFO:Starting new HTTPS connection (1): hacker-news.firebaseio.com
2018-01-21 15:05:38,315:INFO:Starting new HTTPS connection (1): hacker-news.firebaseio.com
2018-01-21 15:05:38,969:INFO:Starting new HTTPS connection (1): hacker-news.firebaseio.com
2018-01-21 15:05:39,587:INFO:Starting new HTTPS connection (1): hacker-news.firebaseio.com
2018-01-21 15:05:40,308:INFO:Starting new HTTPS connection (1): hacker-news.firebaseio.com
2018-01-21 15:05:40,911:INFO:Starting new HTTPS connection (1): hacker-news.firebaseio.com
2018-01-21 15:05:41,511:INFO:Starting new HTTPS connection (1): hacker-news.firebaseio.com
2018-01-21 15:05:42,118:INFO:Starting new HTTPS connection (1): hacker-news.firebaseio.com
2018-01-21 15:05:42,723:INFO:Starting new HTTPS connection (1): hacker-news.firebaseio.com
2018-01-21 15:31:10,209:INFO:Program started
2018-01-21 15:32:27,212:INFO:Program started
2018-01-21 15:33:48,925:INFO:Program started
2018-01-21 15:34:09,400:INFO:Program started
2018-01-21 15:34:09,417:INFO:User selected true-category: showstories
2018-01-24 01:53:23,204:INFO:Program started
2018-01-24 01:53:23,206:INFO:User selected true-category: askstories
2018-01-24 01:58:22,500:INFO:Program started
2018-01-24 01:58:22,502:INFO:User selected true-category: askstories
2018-01-24 01:58:35,070:INFO:Program started
2018-01-24 01:58:35,073:INFO:User selected true-category: askstories
2018-01-24 01:58:35,073:INFO:Check category in url
2018-01-24 01:58:35,091:INFO:Starting new HTTPS connection (1): hacker-news.firebaseio.com
2018-01-24 01:58:35,694:INFO:Starting new HTTPS connection (1): hacker-news.firebaseio.com
2018-01-24 01:58:36,293:INFO:Starting new HTTPS connection (1): hacker-news.firebaseio.com
2018-01-24 01:58:36,897:INFO:Starting new HTTPS connection (1): hacker-news.firebaseio.com
2018-01-24 01:58:37,518:INFO:Starting new HTTPS connection (1): hacker-news.firebaseio.com
2018-01-24 01:58:38,121:INFO:Starting new HTTPS connection (1): hacker-news.firebaseio.com
2018-01-24 01:58:38,729:INFO:Starting new HTTPS connection (1): hacker-news.firebaseio.com
2018-01-24 01:58:39,325:INFO:Starting new HTTPS connection (1): hacker-news.firebaseio.com
2018-01-24 01:58:39,927:INFO:Starting new HTTPS connection (1): hacker-news.firebaseio.com
2018-01-24 01:58:40,533:INFO:Starting new HTTPS connection (1): hacker-news.firebaseio.com
2018-01-24 01:58:41,157:INFO:Starting new HTTPS connection (1): hacker-news.firebaseio.com
2018-01-24 01:58:41,756:INFO:Starting new HTTPS connection (1): hacker-news.firebaseio.com
2018-01-24 01:58:42,640:INFO:Starting new HTTPS connection (1): hacker-news.firebaseio.com
2018-01-24 01:58:43,426:INFO:Starting new HTTPS connection (1): hacker-news.firebaseio.com
2018-01-24 01:58:44,031:INFO:Starting new HTTPS connection (1): hacker-news.firebaseio.com
2018-01-24 01:58:44,652:INFO:Starting new HTTPS connection (1): hacker-news.firebaseio.com
2018-01-24 01:58:45,279:INFO:Starting new HTTPS connection (1): hacker-news.firebaseio.com
2018-01-24 01:58:45,886:INFO:Starting new HTTPS connection (1): hacker-news.firebaseio.com
2018-01-24 01:58:46,489:INFO:Starting new HTTPS connection (1): hacker-news.firebaseio.com
2018-01-24 01:58:47,102:INFO:Starting new HTTPS connection (1): hacker-news.firebaseio.com
2018-01-24 01:58:47,701:INFO:Starting new HTTPS connection (1): hacker-news.firebaseio.com
2018-01-24 01:58:48,310:INFO:Starting new HTTPS connection (1): hacker-news.firebaseio.com
2018-01-24 01:58:48,926:INFO:Starting new HTTPS connection (1): hacker-news.firebaseio.com
2018-01-24 01:58:49,770:INFO:Starting new HTTPS connection (1): hacker-news.firebaseio.com
2018-01-24 01:58:50,367:INFO:Starting new HTTPS connection (1): hacker-news.firebaseio.com
2018-01-24 01:58:50,979:INFO:Starting new HTTPS connection (1): hacker-news.firebaseio.com
2018-01-24 01:58:51,584:INFO:Starting new HTTPS connection (1): hacker-news.firebaseio.com
2018-01-24 01:58:52,221:INFO:Starting new HTTPS connection (1): hacker-news.firebaseio.com
2018-01-24 01:58:52,816:INFO:Starting new HTTPS connection (1): hacker-news.firebaseio.com
2018-01-24 01:58:53,453:INFO:Starting new HTTPS connection (1): hacker-news.firebaseio.com
2018-01-24 01:58:54,065:INFO:Starting new HTTPS connection (1): hacker-news.firebaseio.com
2018-01-24 01:58:54,686:INFO:Starting new HTTPS connection (1): hacker-news.firebaseio.com
2018-01-24 01:58:55,293:INFO:Starting new HTTPS connection (1): hacker-news.firebaseio.com
2018-01-24 01:58:55,900:INFO:Starting new HTTPS connection (1): hacker-news.firebaseio.com
2018-01-24 01:58:56,501:INFO:Starting new HTTPS connection (1): hacker-news.firebaseio.com
2018-01-24 01:58:57,115:INFO:Starting new HTTPS connection (1): hacker-news.firebaseio.com
2018-01-24 01:58:57,733:INFO:Starting new HTTPS connection (1): hacker-news.firebaseio.com
2018-01-24 01:58:58,488:INFO:Starting new HTTPS connection (1): hacker-news.firebaseio.com
2018-01-24 01:58:59,317:INFO:Starting new HTTPS connection (1): hacker-news.firebaseio.com
2018-01-24 01:58:59,934:INFO:Starting new HTTPS connection (1): hacker-news.firebaseio.com
2018-01-24 01:59:00,532:INFO:Starting new HTTPS connection (1): hacker-news.firebaseio.com
2018-01-24 01:59:01,153:INFO:Starting new HTTPS connection (1): hacker-news.firebaseio.com
2018-01-24 01:59:06,762:INFO:Starting new HTTPS connection (1): hacker-news.firebaseio.com
2018-01-24 01:59:07,515:INFO:Starting new HTTPS connection (1): hacker-news.firebaseio.com
2018-01-24 01:59:08,114:INFO:Starting new HTTPS connection (1): hacker-news.firebaseio.com
2018-01-24 01:59:08,715:INFO:Starting new HTTPS connection (1): hacker-news.firebaseio.com
2018-01-24 01:59:09,319:INFO:Starting new HTTPS connection (1): hacker-news.firebaseio.com
2018-01-24 01:59:10,069:INFO:Starting new HTTPS connection (1): hacker-news.firebaseio.com
2018-01-24 01:59:10,893:INFO:Starting new HTTPS connection (1): hacker-news.firebaseio.com
2018-01-24 01:59:11,519:INFO:Starting new HTTPS connection (1): hacker-news.firebaseio.com
2018-01-24 01:59:12,117:INFO:Starting new HTTPS connection (1): hacker-news.firebaseio.com
2018-01-24 01:59:12,721:INFO:Starting new HTTPS connection (1): hacker-news.firebaseio.com
2018-01-24 01:59:13,321:INFO:Starting new HTTPS connection (1): hacker-news.firebaseio.com
2018-01-24 01:59:13,925:INFO:Starting new HTTPS connection (1): hacker-news.firebaseio.com
2018-01-24 01:59:14,526:INFO:Starting new HTTPS connection (1): hacker-news.firebaseio.com
2018-01-24 01:59:15,137:INFO:Starting new HTTPS connection (1): hacker-news.firebaseio.com
2018-01-24 01:59:16,018:INFO:Starting new HTTPS connection (1): hacker-news.firebaseio.com
2018-01-24 02:02:25,699:INFO:Program started
2018-01-24 02:02:25,701:INFO:User selected true-category: askstories
2018-01-24 02:02:25,701:INFO:Check category in url
2018-01-24 02:02:25,722:INFO:Starting new HTTPS connection (1): hacker-news.firebaseio.com
2018-01-24 02:02:26,373:INFO:Starting new HTTPS connection (1): hacker-news.firebaseio.com
2018-01-24 02:02:27,035:INFO:Starting new HTTPS connection (1): hacker-news.firebaseio.com
2018-01-24 02:02:27,749:INFO:Starting new HTTPS connection (1): hacker-news.firebaseio.com
2018-01-24 02:02:28,354:INFO:Starting new HTTPS connection (1): hacker-news.firebaseio.com
2018-01-24 02:02:29,178:INFO:Starting new HTTPS connection (1): hacker-news.firebaseio.com
2018-01-24 02:02:30,842:INFO:Starting new HTTPS connection (1): hacker-news.firebaseio.com
2018-01-24 02:02:31,487:INFO:Starting new HTTPS connection (1): hacker-news.firebaseio.com
2018-01-24 02:02:32,315:INFO:Starting new HTTPS connection (1): hacker-news.firebaseio.com
2018-01-24 02:02:33,653:INFO:Starting new HTTPS connection (1): hacker-news.firebaseio.com
2018-01-24 02:02:34,262:INFO:Starting new HTTPS connection (1): hacker-news.firebaseio.com
2018-01-24 02:02:34,888:INFO:Starting new HTTPS connection (1): hacker-news.firebaseio.com
2018-01-24 02:02:35,489:INFO:Starting new HTTPS connection (1): hacker-news.firebaseio.com
2018-01-24 02:02:36,342:INFO:Starting new HTTPS connection (1): hacker-news.firebaseio.com
2018-01-24 02:02:36,950:INFO:Starting new HTTPS connection (1): hacker-news.firebaseio.com
2018-01-24 02:02:37,560:INFO:Starting new HTTPS connection (1): hacker-news.firebaseio.com
2018-01-24 02:02:38,994:INFO:Starting new HTTPS connection (1): hacker-news.firebaseio.com
2018-01-24 02:02:39,602:INFO:Starting new HTTPS connection (1): hacker-news.firebaseio.com
2018-01-24 02:02:40,219:INFO:Starting new HTTPS connection (1): hacker-news.firebaseio.com
2018-01-24 02:02:41,081:INFO:Starting new HTTPS connection (1): hacker-news.firebaseio.com
2018-01-24 02:02:41,687:INFO:Starting new HTTPS connection (1): hacker-news.firebaseio.com
2018-01-24 02:02:42,296:INFO:Starting new HTTPS connection (1): hacker-news.firebaseio.com
2018-01-24 02:02:42,909:INFO:Starting new HTTPS connection (1): hacker-news.firebaseio.com
2018-01-24 02:02:43,587:INFO:Starting new HTTPS connection (1): hacker-news.firebaseio.com
2018-01-24 02:02:44,191:INFO:Starting new HTTPS connection (1): hacker-news.firebaseio.com
2018-01-24 02:02:44,800:INFO:Starting new HTTPS connection (1): hacker-news.firebaseio.com
2018-01-24 02:02:45,401:INFO:Starting new HTTPS connection (1): hacker-news.firebaseio.com
2018-01-24 02:02:46,002:INFO:Starting new HTTPS connection (1): hacker-news.firebaseio.com
2018-01-24 02:02:46,602:INFO:Starting new HTTPS connection (1): hacker-news.firebaseio.com
2018-01-24 02:02:47,436:INFO:Starting new HTTPS connection (1): hacker-news.firebaseio.com
2018-01-24 02:02:48,062:INFO:Starting new HTTPS connection (1): hacker-news.firebaseio.com
2018-01-24 02:02:48,706:INFO:Starting new HTTPS connection (1): hacker-news.firebaseio.com
2018-01-24 02:02:54,310:INFO:Starting new HTTPS connection (1): hacker-news.firebaseio.com
2018-01-24 02:02:54,912:INFO:Starting new HTTPS connection (1): hacker-news.firebaseio.com
2018-01-24 02:02:55,550:INFO:Starting new HTTPS connection (1): hacker-news.firebaseio.com
2018-01-24 02:02:56,163:INFO:Starting new HTTPS connection (1): hacker-news.firebaseio.com
2018-01-24 02:02:56,760:INFO:Starting new HTTPS connection (1): hacker-news.firebaseio.com
2018-01-24 02:02:57,392:INFO:Starting new HTTPS connection (1): hacker-news.firebaseio.com
2018-01-24 02:02:57,989:INFO:Starting new HTTPS connection (1): hacker-news.firebaseio.com
2018-01-24 02:02:58,594:INFO:Starting new HTTPS connection (1): hacker-news.firebaseio.com
2018-01-24 02:02:59,672:INFO:Starting new HTTPS connection (1): hacker-news.firebaseio.com
2018-01-24 02:03:00,188:INFO:Starting new HTTPS connection (1): hacker-news.firebaseio.com
2018-01-24 02:03:00,796:INFO:Starting new HTTPS connection (1): hacker-news.firebaseio.com
2018-01-24 02:03:01,405:INFO:Starting new HTTPS connection (1): hacker-news.firebaseio.com
2018-01-24 02:03:02,015:INFO:Starting new HTTPS connection (1): hacker-news.firebaseio.com
2018-01-24 02:03:02,621:INFO:Starting new HTTPS connection (1): hacker-news.firebaseio.com
2018-01-24 02:03:03,222:INFO:Starting new HTTPS connection (1): hacker-news.firebaseio.com
2018-01-24 02:03:03,850:INFO:Starting new HTTPS connection (1): hacker-news.firebaseio.com
2018-01-24 02:03:04,467:INFO:Starting new HTTPS connection (1): hacker-news.firebaseio.com
2018-01-24 02:03:05,060:INFO:Starting new HTTPS connection (1): hacker-news.firebaseio.com
2018-01-24 02:03:06,814:INFO:Starting new HTTPS connection (1): hacker-news.firebaseio.com
2018-01-24 02:03:07,458:INFO:Starting new HTTPS connection (1): hacker-news.firebaseio.com
2018-01-24 02:03:08,139:INFO:Starting new HTTPS connection (1): hacker-news.firebaseio.com
2018-01-24 02:03:08,740:INFO:Starting new HTTPS connection (1): hacker-news.firebaseio.com
2018-01-24 02:03:09,344:INFO:Starting new HTTPS connection (1): hacker-news.firebaseio.com
2018-01-24 02:03:09,963:INFO:Starting new HTTPS connection (1): hacker-news.firebaseio.com
2018-01-24 02:03:10,787:INFO:Starting new HTTPS connection (1): hacker-news.firebaseio.com
2018-01-24 02:05:09,115:INFO:Program started
2018-01-24 02:05:09,118:INFO:User selected true-category: askstories
2018-01-24 02:05:09,118:INFO:Check category in url
2018-01-24 02:05:09,137:INFO:Starting new HTTPS connection (1): hacker-news.firebaseio.com
2018-01-24 02:05:09,753:INFO:Starting new HTTPS connection (1): hacker-news.firebaseio.com
2018-01-24 02:05:10,358:INFO:Starting new HTTPS connection (1): hacker-news.firebaseio.com
2018-01-24 02:05:11,537:INFO:Starting new HTTPS connection (1): hacker-news.firebaseio.com
2018-01-24 02:05:12,139:INFO:Starting new HTTPS connection (1): hacker-news.firebaseio.com
2018-01-24 02:05:12,742:INFO:Starting new HTTPS connection (1): hacker-news.firebaseio.com
2018-01-24 02:05:13,370:INFO:Starting new HTTPS connection (1): hacker-news.firebaseio.com
2018-01-24 02:05:14,051:INFO:Starting new HTTPS connection (1): hacker-news.firebaseio.com
2018-01-24 02:05:14,660:INFO:Starting new HTTPS connection (1): hacker-news.firebaseio.com
2018-01-24 02:05:15,253:INFO:Starting new HTTPS connection (1): hacker-news.firebaseio.com
2018-01-24 02:05:15,861:INFO:Starting new HTTPS connection (1): hacker-news.firebaseio.com
2018-01-24 02:05:16,457:INFO:Starting new HTTPS connection (1): hacker-news.firebaseio.com
2018-01-24 02:05:17,057:INFO:Starting new HTTPS connection (1): hacker-news.firebaseio.com
2018-01-24 02:05:18,029:INFO:Starting new HTTPS connection (1): hacker-news.firebaseio.com
2018-01-24 02:05:18,631:INFO:Starting new HTTPS connection (1): hacker-news.firebaseio.com
2018-01-24 02:05:19,251:INFO:Starting new HTTPS connection (1): hacker-news.firebaseio.com
2018-01-24 02:05:19,878:INFO:Starting new HTTPS connection (1): hacker-news.firebaseio.com
2018-01-24 02:05:20,479:INFO:Starting new HTTPS connection (1): hacker-news.firebaseio.com
2018-01-24 02:05:21,091:INFO:Starting new HTTPS connection (1): hacker-news.firebaseio.com
2018-01-24 02:05:21,702:INFO:Starting new HTTPS connection (1): hacker-news.firebaseio.com
2018-01-24 02:05:22,530:INFO:Starting new HTTPS connection (1): hacker-news.firebaseio.com
2018-01-24 02:05:23,428:INFO:Starting new HTTPS connection (1): hacker-news.firebaseio.com
2018-01-24 02:05:24,036:INFO:Starting new HTTPS connection (1): hacker-news.firebaseio.com
2018-01-24 02:05:24,639:INFO:Starting new HTTPS connection (1): hacker-news.firebaseio.com
2018-01-24 02:05:25,240:INFO:Starting new HTTPS connection (1): hacker-news.firebaseio.com
2018-01-24 02:05:25,845:INFO:Starting new HTTPS connection (1): hacker-news.firebaseio.com
2018-01-24 02:05:26,444:INFO:Starting new HTTPS connection (1): hacker-news.firebaseio.com
2018-01-24 02:05:27,057:INFO:Starting new HTTPS connection (1): hacker-news.firebaseio.com
2018-01-24 02:05:32,671:INFO:Starting new HTTPS connection (1): hacker-news.firebaseio.com
2018-01-24 02:05:33,271:INFO:Starting new HTTPS connection (1): hacker-news.firebaseio.com
2018-01-24 02:05:33,878:INFO:Starting new HTTPS connection (1): hacker-news.firebaseio.com
2018-01-24 02:05:34,484:INFO:Starting new HTTPS connection (1): hacker-news.firebaseio.com
2018-01-24 02:05:35,089:INFO:Starting new HTTPS connection (1): hacker-news.firebaseio.com
2018-01-24 02:05:35,686:INFO:Starting new HTTPS connection (1): hacker-news.firebaseio.com
2018-01-24 02:05:36,286:INFO:Starting new HTTPS connection (1): hacker-news.firebaseio.com
2018-01-24 02:05:36,886:INFO:Starting new HTTPS connection (1): hacker-news.firebaseio.com
2018-01-24 02:05:37,504:INFO:Starting new HTTPS connection (1): hacker-news.firebaseio.com
2018-01-24 02:05:38,122:INFO:Starting new HTTPS connection (1): hacker-news.firebaseio.com
2018-01-24 02:05:39,039:INFO:Starting new HTTPS connection (1): hacker-news.firebaseio.com
2018-01-24 02:05:39,654:INFO:Starting new HTTPS connection (1): hacker-news.firebaseio.com
2018-01-24 02:05:40,263:INFO:Starting new HTTPS connection (1): hacker-news.firebaseio.com
2018-01-24 02:05:40,881:INFO:Starting new HTTPS connection (1): hacker-news.firebaseio.com
2018-01-24 02:05:41,489:INFO:Starting new HTTPS connection (1): hacker-news.firebaseio.com
2018-01-24 02:05:42,094:INFO:Starting new HTTPS connection (1): hacker-news.firebaseio.com
2018-01-24 02:05:42,698:INFO:Starting new HTTPS connection (1): hacker-news.firebaseio.com
2018-01-24 02:05:43,347:INFO:Starting new HTTPS connection (1): hacker-news.firebaseio.com
2018-01-24 02:05:43,953:INFO:Starting new HTTPS connection (1): hacker-news.firebaseio.com
2018-01-24 02:05:44,806:INFO:Starting new HTTPS connection (1): hacker-news.firebaseio.com
2018-01-24 02:05:46,155:INFO:Starting new HTTPS connection (1): hacker-news.firebaseio.com
2018-01-24 02:05:46,790:INFO:Starting new HTTPS connection (1): hacker-news.firebaseio.com
2018-01-24 02:05:47,405:INFO:Starting new HTTPS connection (1): hacker-news.firebaseio.com
2018-01-24 02:05:48,034:INFO:Starting new HTTPS connection (1): hacker-news.firebaseio.com
2018-01-24 02:05:48,639:INFO:Starting new HTTPS connection (1): hacker-news.firebaseio.com
2018-01-24 02:05:49,243:INFO:Starting new HTTPS connection (1): hacker-news.firebaseio.com
2018-01-24 02:05:49,845:INFO:Starting new HTTPS connection (1): hacker-news.firebaseio.com
2018-01-24 02:05:50,448:INFO:Starting new HTTPS connection (1): hacker-news.firebaseio.com
2018-01-24 02:05:51,045:INFO:Starting new HTTPS connection (1): hacker-news.firebaseio.com
2018-01-24 02:30:30,135:INFO:Program started
2018-01-24 02:30:30,138:INFO:User selected true-category: askstories
2018-01-24 02:30:30,138:INFO:Check category in url
2018-01-24 02:30:30,159:INFO:Starting new HTTPS connection (1): hacker-news.firebaseio.com
2018-01-24 02:30:32,058:INFO:Starting new HTTPS connection (1): hacker-news.firebaseio.com
2018-01-24 02:30:32,696:INFO:Starting new HTTPS connection (1): hacker-news.firebaseio.com
2018-01-24 02:30:33,326:INFO:Starting new HTTPS connection (1): hacker-news.firebaseio.com
2018-01-24 02:30:33,957:INFO:Starting new HTTPS connection (1): hacker-news.firebaseio.com
2018-01-24 02:30:34,570:INFO:Starting new HTTPS connection (1): hacker-news.firebaseio.com
2018-01-24 02:30:35,179:INFO:Starting new HTTPS connection (1): hacker-news.firebaseio.com
2018-01-24 02:30:35,782:INFO:Starting new HTTPS connection (1): hacker-news.firebaseio.com
2018-01-24 02:30:36,382:INFO:Starting new HTTPS connection (1): hacker-news.firebaseio.com
2018-01-24 02:30:37,163:INFO:Starting new HTTPS connection (1): hacker-news.firebaseio.com
2018-01-24 02:30:37,766:INFO:Starting new HTTPS connection (1): hacker-news.firebaseio.com
2018-01-24 02:30:38,367:INFO:Starting new HTTPS connection (1): hacker-news.firebaseio.com
2018-01-24 02:30:39,003:INFO:Starting new HTTPS connection (1): hacker-news.firebaseio.com
2018-01-24 02:30:39,603:INFO:Starting new HTTPS connection (1): hacker-news.firebaseio.com
2018-01-24 02:30:40,209:INFO:Starting new HTTPS connection (1): hacker-news.firebaseio.com
2018-01-24 02:30:40,817:INFO:Starting new HTTPS connection (1): hacker-news.firebaseio.com
2018-01-24 02:30:41,421:INFO:Starting new HTTPS connection (1): hacker-news.firebaseio.com
2018-01-24 02:30:42,035:INFO:Starting new HTTPS connection (1): hacker-news.firebaseio.com
2018-01-24 02:30:42,868:INFO:Starting new HTTPS connection (1): hacker-news.firebaseio.com
2018-01-24 02:30:43,700:INFO:Starting new HTTPS connection (1): hacker-news.firebaseio.com
2018-01-24 02:30:44,321:INFO:Starting new HTTPS connection (1): hacker-news.firebaseio.com
2018-01-24 02:30:44,971:INFO:Starting new HTTPS connection (1): hacker-news.firebaseio.com
2018-01-24 02:30:45,586:INFO:Starting new HTTPS connection (1): hacker-news.firebaseio.com
2018-01-24 02:30:46,416:INFO:Starting new HTTPS connection (1): hacker-news.firebaseio.com
2018-01-24 02:30:47,018:INFO:Starting new HTTPS connection (1): hacker-news.firebaseio.com
2018-01-24 02:30:47,656:INFO:Starting new HTTPS connection (1): hacker-news.firebaseio.com
2018-01-24 02:30:48,636:INFO:Starting new HTTPS connection (1): hacker-news.firebaseio.com
2018-01-24 02:30:49,241:INFO:Starting new HTTPS connection (1): hacker-news.firebaseio.com
2018-01-24 02:30:50,163:INFO:Starting new HTTPS connection (1): hacker-news.firebaseio.com
2018-01-24 02:30:50,858:INFO:Starting new HTTPS connection (1): hacker-news.firebaseio.com
2018-01-24 02:30:51,545:INFO:Starting new HTTPS connection (1): hacker-news.firebaseio.com
2018-01-24 02:30:52,086:INFO:Starting new HTTPS connection (1): hacker-news.firebaseio.com
2018-01-24 02:30:52,715:INFO:Starting new HTTPS connection (1): hacker-news.firebaseio.com
2018-01-24 02:30:53,332:INFO:Starting new HTTPS connection (1): hacker-news.firebaseio.com
2018-01-24 02:30:53,951:INFO:Starting new HTTPS connection (1): hacker-news.firebaseio.com
2018-01-24 02:30:54,553:INFO:Starting new HTTPS connection (1): hacker-news.firebaseio.com
2018-01-24 02:30:55,160:INFO:Starting new HTTPS connection (1): hacker-news.firebaseio.com
2018-01-24 02:30:55,789:INFO:Starting new HTTPS connection (1): hacker-news.firebaseio.com
2018-01-24 02:30:56,427:INFO:Starting new HTTPS connection (1): hacker-news.firebaseio.com
2018-01-24 02:30:57,034:INFO:Starting new HTTPS connection (1): hacker-news.firebaseio.com
2018-01-24 02:30:57,643:INFO:Starting new HTTPS connection (1): hacker-news.firebaseio.com
2018-01-24 02:30:58,283:INFO:Starting new HTTPS connection (1): hacker-news.firebaseio.com
2018-01-24 02:30:58,901:INFO:Starting new HTTPS connection (1): hacker-news.firebaseio.com
2018-01-24 02:30:59,533:INFO:Starting new HTTPS connection (1): hacker-news.firebaseio.com
2018-01-24 02:31:00,146:INFO:Starting new HTTPS connection (1): hacker-news.firebaseio.com
2018-01-24 02:31:01,776:INFO:Starting new HTTPS connection (1): hacker-news.firebaseio.com
2018-01-24 02:31:02,398:INFO:Starting new HTTPS connection (1): hacker-news.firebaseio.com
2018-01-24 02:31:03,018:INFO:Starting new HTTPS connection (1): hacker-news.firebaseio.com
2018-01-24 02:31:05,664:INFO:Starting new HTTPS connection (1): hacker-news.firebaseio.com
2018-01-24 02:31:06,281:INFO:Starting new HTTPS connection (1): hacker-news.firebaseio.com
2018-01-24 02:31:06,879:INFO:Starting new HTTPS connection (1): hacker-news.firebaseio.com
2018-01-24 02:31:07,512:INFO:Starting new HTTPS connection (1): hacker-news.firebaseio.com
2018-01-24 02:31:08,131:INFO:Starting new HTTPS connection (1): hacker-news.firebaseio.com
2018-01-24 02:31:08,973:INFO:Starting new HTTPS connection (1): hacker-news.firebaseio.com
2018-01-24 02:31:09,648:INFO:Starting new HTTPS connection (1): hacker-news.firebaseio.com
2018-01-24 02:31:10,275:INFO:Starting new HTTPS connection (1): hacker-news.firebaseio.com
2018-01-24 02:31:10,886:INFO:Starting new HTTPS connection (1): hacker-news.firebaseio.com
