2017-11-18 22:40:10,205:INFO:Program started
2017-11-18 22:40:10,206:ERROR:User selected non-correct category: jobstorie
2017-11-18 22:40:16,662:INFO:Program started
2017-11-18 22:40:16,663:INFO:User selected true-category: jobstories
2017-11-18 22:40:16,663:INFO:Check category in url
2017-11-18 22:40:16,682:INFO:Starting new HTTPS connection (1): hacker-news.firebaseio.com
2017-11-18 22:40:17,525:INFO:Starting new HTTPS connection (1): hacker-news.firebaseio.com
2017-11-18 22:40:18,239:INFO:Starting new HTTPS connection (1): hacker-news.firebaseio.com
2017-11-18 22:40:18,967:INFO:Starting new HTTPS connection (1): hacker-news.firebaseio.com
2017-11-18 22:40:19,889:INFO:Starting new HTTPS connection (1): hacker-news.firebaseio.com
2017-11-18 22:40:20,551:INFO:Starting new HTTPS connection (1): hacker-news.firebaseio.com
2017-11-18 22:40:21,213:INFO:Starting new HTTPS connection (1): hacker-news.firebaseio.com
2017-11-18 22:40:21,879:INFO:Starting new HTTPS connection (1): hacker-news.firebaseio.com
2017-11-18 22:40:22,537:INFO:Starting new HTTPS connection (1): hacker-news.firebaseio.com
2017-11-18 22:40:23,204:INFO:Starting new HTTPS connection (1): hacker-news.firebaseio.com
2017-11-18 22:40:23,903:INFO:Starting new HTTPS connection (1): hacker-news.firebaseio.com
2017-11-18 22:40:24,607:INFO:Starting new HTTPS connection (1): hacker-news.firebaseio.com
2017-11-18 22:40:25,289:INFO:Starting new HTTPS connection (1): hacker-news.firebaseio.com
2017-11-18 22:40:25,975:INFO:Starting new HTTPS connection (1): hacker-news.firebaseio.com
2017-11-18 22:40:26,626:INFO:Starting new HTTPS connection (1): hacker-news.firebaseio.com
2017-11-18 22:40:27,298:INFO:Starting new HTTPS connection (1): hacker-news.firebaseio.com
2017-11-18 22:40:27,962:INFO:Starting new HTTPS connection (1): hacker-news.firebaseio.com
2017-11-18 22:40:28,914:INFO:Starting new HTTPS connection (1): hacker-news.firebaseio.com
2017-11-18 22:40:29,630:INFO:Starting new HTTPS connection (1): hacker-news.firebaseio.com
2017-11-18 22:40:30,386:INFO:Starting new HTTPS connection (1): hacker-news.firebaseio.com
2017-11-18 22:40:31,410:INFO:Starting new HTTPS connection (1): hacker-news.firebaseio.com
2017-11-18 22:40:32,085:INFO:Starting new HTTPS connection (1): hacker-news.firebaseio.com
2017-11-18 22:40:32,744:INFO:Starting new HTTPS connection (1): hacker-news.firebaseio.com
2017-11-18 22:40:33,714:INFO:Starting new HTTPS connection (1): hacker-news.firebaseio.com
2017-11-18 22:40:34,413:INFO:found all files by filter
2017-11-18 22:40:34,414:INFO:writed records in file by filter
2017-11-18 22:40:45,188:INFO:Program started
2017-11-18 22:40:45,190:INFO:User selected true-category: askstories
2017-11-18 22:40:45,190:INFO:Check category in url
2017-11-18 22:40:45,213:INFO:Starting new HTTPS connection (1): hacker-news.firebaseio.com
2017-11-18 22:40:46,083:INFO:Starting new HTTPS connection (1): hacker-news.firebaseio.com
2017-11-18 22:40:46,751:INFO:Starting new HTTPS connection (1): hacker-news.firebaseio.com
2017-11-18 22:40:47,673:INFO:Starting new HTTPS connection (1): hacker-news.firebaseio.com
2017-11-18 22:40:48,338:INFO:Starting new HTTPS connection (1): hacker-news.firebaseio.com
2017-11-18 22:40:49,137:INFO:Starting new HTTPS connection (1): hacker-news.firebaseio.com
2017-11-18 22:40:49,821:INFO:Starting new HTTPS connection (1): hacker-news.firebaseio.com
2017-11-18 22:40:50,489:INFO:Starting new HTTPS connection (1): hacker-news.firebaseio.com
2017-11-18 22:40:51,204:INFO:Starting new HTTPS connection (1): hacker-news.firebaseio.com
2017-11-18 22:40:51,886:INFO:Starting new HTTPS connection (1): hacker-news.firebaseio.com
2017-11-18 22:40:52,556:INFO:Starting new HTTPS connection (1): hacker-news.firebaseio.com
2017-11-18 22:40:53,256:INFO:Starting new HTTPS connection (1): hacker-news.firebaseio.com
2017-11-18 22:40:53,925:INFO:Starting new HTTPS connection (1): hacker-news.firebaseio.com
2017-11-18 22:40:54,623:INFO:Starting new HTTPS connection (1): hacker-news.firebaseio.com
2017-11-18 22:40:55,472:INFO:Starting new HTTPS connection (1): hacker-news.firebaseio.com
2017-11-18 22:40:56,126:INFO:Starting new HTTPS connection (1): hacker-news.firebaseio.com
2017-11-18 22:40:56,783:INFO:Starting new HTTPS connection (1): hacker-news.firebaseio.com
2017-11-18 22:40:57,464:INFO:Starting new HTTPS connection (1): hacker-news.firebaseio.com
2017-11-18 22:40:58,123:INFO:Starting new HTTPS connection (1): hacker-news.firebaseio.com
2017-11-18 22:40:58,786:INFO:Starting new HTTPS connection (1): hacker-news.firebaseio.com
2017-11-18 22:40:59,470:INFO:Starting new HTTPS connection (1): hacker-news.firebaseio.com
2017-11-18 22:41:00,140:INFO:Starting new HTTPS connection (1): hacker-news.firebaseio.com
2017-11-18 22:41:00,806:INFO:Starting new HTTPS connection (1): hacker-news.firebaseio.com
2017-11-18 22:41:01,548:INFO:Starting new HTTPS connection (1): hacker-news.firebaseio.com
2017-11-18 22:41:02,207:INFO:Starting new HTTPS connection (1): hacker-news.firebaseio.com
2017-11-18 22:41:02,879:INFO:Starting new HTTPS connection (1): hacker-news.firebaseio.com
2017-11-18 22:41:03,607:INFO:Starting new HTTPS connection (1): hacker-news.firebaseio.com
2017-11-18 22:41:04,268:INFO:Starting new HTTPS connection (1): hacker-news.firebaseio.com
2017-11-18 22:41:05,336:INFO:Starting new HTTPS connection (1): hacker-news.firebaseio.com
2017-11-18 22:41:06,009:INFO:Starting new HTTPS connection (1): hacker-news.firebaseio.com
2017-11-18 22:41:06,786:INFO:Starting new HTTPS connection (1): hacker-news.firebaseio.com
2017-11-18 22:41:07,448:INFO:Starting new HTTPS connection (1): hacker-news.firebaseio.com
2017-11-18 22:41:08,218:INFO:Starting new HTTPS connection (1): hacker-news.firebaseio.com
2017-11-18 22:41:08,892:INFO:Starting new HTTPS connection (1): hacker-news.firebaseio.com
2017-11-18 22:41:09,576:INFO:Starting new HTTPS connection (1): hacker-news.firebaseio.com
2017-11-18 22:41:10,263:INFO:Starting new HTTPS connection (1): hacker-news.firebaseio.com
2017-11-18 22:41:10,948:INFO:Starting new HTTPS connection (1): hacker-news.firebaseio.com
2017-11-18 22:41:11,619:INFO:Starting new HTTPS connection (1): hacker-news.firebaseio.com
2017-11-18 22:41:12,304:INFO:Starting new HTTPS connection (1): hacker-news.firebaseio.com
2017-11-18 22:41:12,985:INFO:Starting new HTTPS connection (1): hacker-news.firebaseio.com
2017-11-18 22:41:13,634:INFO:Starting new HTTPS connection (1): hacker-news.firebaseio.com
2017-11-18 22:41:14,291:INFO:Starting new HTTPS connection (1): hacker-news.firebaseio.com
2017-11-18 22:41:15,218:INFO:Starting new HTTPS connection (1): hacker-news.firebaseio.com
2017-11-18 22:41:16,043:INFO:Starting new HTTPS connection (1): hacker-news.firebaseio.com
2017-11-18 22:41:16,659:INFO:Starting new HTTPS connection (1): hacker-news.firebaseio.com
2017-11-18 22:41:17,332:INFO:Starting new HTTPS connection (1): hacker-news.firebaseio.com
2017-11-18 22:41:18,030:INFO:Starting new HTTPS connection (1): hacker-news.firebaseio.com
2017-11-18 22:41:18,735:INFO:Starting new HTTPS connection (1): hacker-news.firebaseio.com
2017-11-18 22:41:19,422:INFO:Starting new HTTPS connection (1): hacker-news.firebaseio.com
2017-11-18 22:41:20,197:INFO:Starting new HTTPS connection (1): hacker-news.firebaseio.com
2017-11-18 22:41:20,873:INFO:Starting new HTTPS connection (1): hacker-news.firebaseio.com
2017-11-18 22:41:21,643:INFO:found all files by filter
2017-11-18 22:41:21,650:INFO:writed records in file by filter
2017-11-18 22:42:11,041:INFO:Program started
2017-11-18 22:42:11,041:INFO:User selected true-category: showstories
2017-11-18 22:42:11,043:INFO:Check category in url
2017-11-18 22:42:11,077:INFO:Starting new HTTPS connection (1): hacker-news.firebaseio.com
2017-11-18 22:42:11,921:INFO:Starting new HTTPS connection (1): hacker-news.firebaseio.com
2017-11-18 22:42:12,950:INFO:Starting new HTTPS connection (1): hacker-news.firebaseio.com
2017-11-18 22:42:13,622:INFO:Starting new HTTPS connection (1): hacker-news.firebaseio.com
2017-11-18 22:42:14,309:INFO:Starting new HTTPS connection (1): hacker-news.firebaseio.com
2017-11-18 22:42:14,970:INFO:Starting new HTTPS connection (1): hacker-news.firebaseio.com
2017-11-18 22:42:15,698:INFO:Starting new HTTPS connection (1): hacker-news.firebaseio.com
2017-11-18 22:42:16,407:INFO:Starting new HTTPS connection (1): hacker-news.firebaseio.com
2017-11-18 22:42:16,976:INFO:Starting new HTTPS connection (1): hacker-news.firebaseio.com
2017-11-18 22:42:17,669:INFO:Starting new HTTPS connection (1): hacker-news.firebaseio.com
2017-11-18 22:42:18,335:INFO:Starting new HTTPS connection (1): hacker-news.firebaseio.com
2017-11-18 22:42:19,227:INFO:Starting new HTTPS connection (1): hacker-news.firebaseio.com
2017-11-18 22:42:19,950:INFO:Starting new HTTPS connection (1): hacker-news.firebaseio.com
2017-11-18 22:42:20,651:INFO:Starting new HTTPS connection (1): hacker-news.firebaseio.com
2017-11-18 22:42:21,330:INFO:Starting new HTTPS connection (1): hacker-news.firebaseio.com
2017-11-18 22:42:21,999:INFO:Starting new HTTPS connection (1): hacker-news.firebaseio.com
2017-11-18 22:42:22,676:INFO:Starting new HTTPS connection (1): hacker-news.firebaseio.com
2017-11-18 22:42:23,326:INFO:Starting new HTTPS connection (1): hacker-news.firebaseio.com
2017-11-18 22:42:23,992:INFO:Starting new HTTPS connection (1): hacker-news.firebaseio.com
2017-11-18 22:42:24,777:INFO:Starting new HTTPS connection (1): hacker-news.firebaseio.com
2017-11-18 22:42:25,463:INFO:Starting new HTTPS connection (1): hacker-news.firebaseio.com
2017-11-18 22:42:26,138:INFO:Starting new HTTPS connection (1): hacker-news.firebaseio.com
2017-11-18 22:42:26,809:INFO:Starting new HTTPS connection (1): hacker-news.firebaseio.com
2017-11-18 22:42:27,466:INFO:Starting new HTTPS connection (1): hacker-news.firebaseio.com
2017-11-18 22:42:28,131:INFO:Starting new HTTPS connection (1): hacker-news.firebaseio.com
2017-11-18 22:42:28,797:INFO:Starting new HTTPS connection (1): hacker-news.firebaseio.com
2017-11-18 22:42:29,621:INFO:Starting new HTTPS connection (1): hacker-news.firebaseio.com
2017-11-18 22:42:30,283:INFO:Starting new HTTPS connection (1): hacker-news.firebaseio.com
2017-11-18 22:42:31,431:INFO:Starting new HTTPS connection (1): hacker-news.firebaseio.com
2017-11-18 22:42:32,108:INFO:Starting new HTTPS connection (1): hacker-news.firebaseio.com
2017-11-18 22:42:33,044:INFO:Starting new HTTPS connection (1): hacker-news.firebaseio.com
2017-11-18 22:42:33,715:INFO:Starting new HTTPS connection (1): hacker-news.firebaseio.com
2017-11-18 22:42:34,411:INFO:Starting new HTTPS connection (1): hacker-news.firebaseio.com
2017-11-18 22:42:35,212:INFO:Starting new HTTPS connection (1): hacker-news.firebaseio.com
2017-11-18 22:42:35,912:INFO:Starting new HTTPS connection (1): hacker-news.firebaseio.com
2017-11-18 22:42:36,982:INFO:Starting new HTTPS connection (1): hacker-news.firebaseio.com
2017-11-18 22:42:37,677:INFO:Starting new HTTPS connection (1): hacker-news.firebaseio.com
2017-11-18 22:42:38,362:INFO:Starting new HTTPS connection (1): hacker-news.firebaseio.com
2017-11-18 22:42:39,019:INFO:Starting new HTTPS connection (1): hacker-news.firebaseio.com
2017-11-18 22:42:39,702:INFO:Starting new HTTPS connection (1): hacker-news.firebaseio.com
2017-11-18 22:42:40,630:INFO:Starting new HTTPS connection (1): hacker-news.firebaseio.com
2017-11-18 22:42:41,340:INFO:Starting new HTTPS connection (1): hacker-news.firebaseio.com
2017-11-18 22:42:42,005:INFO:Starting new HTTPS connection (1): hacker-news.firebaseio.com
2017-11-18 22:42:42,702:INFO:Starting new HTTPS connection (1): hacker-news.firebaseio.com
2017-11-18 22:42:43,677:INFO:Starting new HTTPS connection (1): hacker-news.firebaseio.com
2017-11-18 22:42:44,358:INFO:Starting new HTTPS connection (1): hacker-news.firebaseio.com
2017-11-18 22:42:45,033:INFO:Starting new HTTPS connection (1): hacker-news.firebaseio.com
2017-11-18 22:42:45,711:INFO:Starting new HTTPS connection (1): hacker-news.firebaseio.com
2017-11-18 22:42:46,459:INFO:Starting new HTTPS connection (1): hacker-news.firebaseio.com
2017-11-18 22:42:47,159:INFO:Starting new HTTPS connection (1): hacker-news.firebaseio.com
2017-11-18 22:42:47,928:INFO:Starting new HTTPS connection (1): hacker-news.firebaseio.com
2017-11-18 22:42:48,600:INFO:Starting new HTTPS connection (1): hacker-news.firebaseio.com
2017-11-18 22:42:49,272:INFO:found all files by filter
2017-11-18 22:42:49,274:INFO:writed records in file by filter
2017-11-18 22:43:18,203:INFO:Program started
2017-11-18 22:43:18,204:INFO:User selected true-category: newstories
2017-11-18 22:43:18,204:INFO:Check category in url
2017-11-18 22:43:18,223:INFO:Starting new HTTPS connection (1): hacker-news.firebaseio.com
2017-11-18 22:43:19,053:INFO:Starting new HTTPS connection (1): hacker-news.firebaseio.com
2017-11-18 22:43:19,719:INFO:Starting new HTTPS connection (1): hacker-news.firebaseio.com
2017-11-18 22:43:20,508:INFO:Starting new HTTPS connection (1): hacker-news.firebaseio.com
2017-11-18 22:43:21,254:INFO:Starting new HTTPS connection (1): hacker-news.firebaseio.com
2017-11-18 22:43:21,919:INFO:Starting new HTTPS connection (1): hacker-news.firebaseio.com
2017-11-18 22:43:23,149:INFO:Starting new HTTPS connection (1): hacker-news.firebaseio.com
2017-11-18 22:43:23,819:INFO:Starting new HTTPS connection (1): hacker-news.firebaseio.com
2017-11-18 22:43:24,499:INFO:Starting new HTTPS connection (1): hacker-news.firebaseio.com
2017-11-18 22:43:25,637:INFO:Starting new HTTPS connection (1): hacker-news.firebaseio.com
2017-11-18 22:43:26,304:INFO:Starting new HTTPS connection (1): hacker-news.firebaseio.com
2017-11-18 22:43:26,960:INFO:Starting new HTTPS connection (1): hacker-news.firebaseio.com
2017-11-18 22:43:27,634:INFO:Starting new HTTPS connection (1): hacker-news.firebaseio.com
2017-11-18 22:43:28,290:INFO:Starting new HTTPS connection (1): hacker-news.firebaseio.com
2017-11-18 22:43:29,027:INFO:Starting new HTTPS connection (1): hacker-news.firebaseio.com
2017-11-18 22:43:29,690:INFO:Starting new HTTPS connection (1): hacker-news.firebaseio.com
2017-11-18 22:43:30,370:INFO:Starting new HTTPS connection (1): hacker-news.firebaseio.com
2017-11-18 22:43:31,212:INFO:Starting new HTTPS connection (1): hacker-news.firebaseio.com
2017-11-18 22:43:32,075:INFO:Starting new HTTPS connection (1): hacker-news.firebaseio.com
2017-11-18 22:43:32,763:INFO:Starting new HTTPS connection (1): hacker-news.firebaseio.com
2017-11-18 22:43:33,501:INFO:Starting new HTTPS connection (1): hacker-news.firebaseio.com
2017-11-18 22:43:34,202:INFO:Starting new HTTPS connection (1): hacker-news.firebaseio.com
2017-11-18 22:43:34,943:INFO:Starting new HTTPS connection (1): hacker-news.firebaseio.com
2017-11-18 22:43:35,697:INFO:Starting new HTTPS connection (1): hacker-news.firebaseio.com
2017-11-18 22:43:36,375:INFO:Starting new HTTPS connection (1): hacker-news.firebaseio.com
2017-11-18 22:43:37,124:INFO:Starting new HTTPS connection (1): hacker-news.firebaseio.com
2017-11-18 22:43:37,778:INFO:Starting new HTTPS connection (1): hacker-news.firebaseio.com
2017-11-18 22:43:38,473:INFO:Starting new HTTPS connection (1): hacker-news.firebaseio.com
2017-11-18 22:43:39,159:INFO:Starting new HTTPS connection (1): hacker-news.firebaseio.com
2017-11-18 22:43:39,845:INFO:Starting new HTTPS connection (1): hacker-news.firebaseio.com
2017-11-18 22:43:40,527:INFO:Starting new HTTPS connection (1): hacker-news.firebaseio.com
2017-11-18 22:43:41,197:INFO:Starting new HTTPS connection (1): hacker-news.firebaseio.com
2017-11-18 22:43:42,046:INFO:Starting new HTTPS connection (1): hacker-news.firebaseio.com
2017-11-18 22:43:42,758:INFO:Starting new HTTPS connection (1): hacker-news.firebaseio.com
2017-11-18 22:43:43,429:INFO:Starting new HTTPS connection (1): hacker-news.firebaseio.com
2017-11-18 22:43:44,085:INFO:Starting new HTTPS connection (1): hacker-news.firebaseio.com
2017-11-18 22:43:44,748:INFO:Starting new HTTPS connection (1): hacker-news.firebaseio.com
2017-11-18 22:43:45,445:INFO:Starting new HTTPS connection (1): hacker-news.firebaseio.com
2017-11-18 22:43:46,580:INFO:Starting new HTTPS connection (1): hacker-news.firebaseio.com
2017-11-18 22:43:47,282:INFO:Starting new HTTPS connection (1): hacker-news.firebaseio.com
2017-11-18 22:43:47,986:INFO:Starting new HTTPS connection (1): hacker-news.firebaseio.com
2017-11-18 22:43:48,676:INFO:Starting new HTTPS connection (1): hacker-news.firebaseio.com
2017-11-18 22:43:49,346:INFO:Starting new HTTPS connection (1): hacker-news.firebaseio.com
2017-11-18 22:43:50,015:INFO:Starting new HTTPS connection (1): hacker-news.firebaseio.com
2017-11-18 22:43:51,553:INFO:Starting new HTTPS connection (1): hacker-news.firebaseio.com
2017-11-18 22:43:52,338:INFO:Starting new HTTPS connection (1): hacker-news.firebaseio.com
2017-11-18 22:43:53,005:INFO:Starting new HTTPS connection (1): hacker-news.firebaseio.com
2017-11-18 22:43:53,744:INFO:Starting new HTTPS connection (1): hacker-news.firebaseio.com
2017-11-18 22:43:54,401:INFO:Starting new HTTPS connection (1): hacker-news.firebaseio.com
2017-11-18 22:43:55,071:INFO:Starting new HTTPS connection (1): hacker-news.firebaseio.com
2017-11-18 22:43:55,735:INFO:Starting new HTTPS connection (1): hacker-news.firebaseio.com
2017-11-18 22:43:56,465:INFO:Starting new HTTPS connection (1): hacker-news.firebaseio.com
2017-11-18 22:43:57,210:INFO:Starting new HTTPS connection (1): hacker-news.firebaseio.com
2017-11-18 22:43:57,905:INFO:Starting new HTTPS connection (1): hacker-news.firebaseio.com
2017-11-18 22:43:58,576:INFO:Starting new HTTPS connection (1): hacker-news.firebaseio.com
2017-11-18 22:43:59,267:INFO:Starting new HTTPS connection (1): hacker-news.firebaseio.com
2017-11-18 22:43:59,928:INFO:Starting new HTTPS connection (1): hacker-news.firebaseio.com
2017-11-18 22:44:00,897:INFO:Starting new HTTPS connection (1): hacker-news.firebaseio.com
2017-11-18 22:44:01,589:INFO:Starting new HTTPS connection (1): hacker-news.firebaseio.com
2017-11-18 22:44:02,355:INFO:Starting new HTTPS connection (1): hacker-news.firebaseio.com
2017-11-18 22:44:03,037:INFO:Starting new HTTPS connection (1): hacker-news.firebaseio.com
2017-11-18 22:44:03,689:INFO:Starting new HTTPS connection (1): hacker-news.firebaseio.com
2017-11-18 22:44:04,356:INFO:Starting new HTTPS connection (1): hacker-news.firebaseio.com
2017-11-18 22:44:05,661:INFO:Starting new HTTPS connection (1): hacker-news.firebaseio.com
2017-11-18 22:44:06,343:INFO:Starting new HTTPS connection (1): hacker-news.firebaseio.com
2017-11-18 22:44:07,022:INFO:Starting new HTTPS connection (1): hacker-news.firebaseio.com
2017-11-18 22:44:07,692:INFO:Starting new HTTPS connection (1): hacker-news.firebaseio.com
2017-11-18 22:44:08,346:INFO:Starting new HTTPS connection (1): hacker-news.firebaseio.com
2017-11-18 22:44:09,030:INFO:Starting new HTTPS connection (1): hacker-news.firebaseio.com
2017-11-18 22:44:09,703:INFO:Starting new HTTPS connection (1): hacker-news.firebaseio.com
2017-11-18 22:44:10,435:INFO:Starting new HTTPS connection (1): hacker-news.firebaseio.com
2017-11-18 22:44:11,137:INFO:Starting new HTTPS connection (1): hacker-news.firebaseio.com
2017-11-18 22:44:12,049:INFO:Starting new HTTPS connection (1): hacker-news.firebaseio.com
2017-11-18 22:44:12,699:INFO:Starting new HTTPS connection (1): hacker-news.firebaseio.com
2017-11-18 22:44:13,412:INFO:Starting new HTTPS connection (1): hacker-news.firebaseio.com
2017-11-18 22:44:14,578:INFO:Starting new HTTPS connection (1): hacker-news.firebaseio.com
2017-11-18 22:44:15,150:INFO:Starting new HTTPS connection (1): hacker-news.firebaseio.com
2017-11-18 22:44:16,200:INFO:Starting new HTTPS connection (1): hacker-news.firebaseio.com
2017-11-18 22:44:17,035:INFO:Starting new HTTPS connection (1): hacker-news.firebaseio.com
2017-11-18 22:44:17,707:INFO:Starting new HTTPS connection (1): hacker-news.firebaseio.com
2017-11-18 22:44:18,364:INFO:Starting new HTTPS connection (1): hacker-news.firebaseio.com
2017-11-18 22:44:19,015:INFO:Starting new HTTPS connection (1): hacker-news.firebaseio.com
2017-11-18 22:44:19,705:INFO:Starting new HTTPS connection (1): hacker-news.firebaseio.com
2017-11-18 22:44:20,395:INFO:Starting new HTTPS connection (1): hacker-news.firebaseio.com
2017-11-18 22:44:21,299:INFO:Starting new HTTPS connection (1): hacker-news.firebaseio.com
2017-11-18 22:44:22,089:INFO:Starting new HTTPS connection (1): hacker-news.firebaseio.com
2017-11-18 22:44:22,733:INFO:Starting new HTTPS connection (1): hacker-news.firebaseio.com
2017-11-18 22:44:23,390:INFO:Starting new HTTPS connection (1): hacker-news.firebaseio.com
2017-11-18 22:44:24,073:INFO:Starting new HTTPS connection (1): hacker-news.firebaseio.com
2017-11-18 22:44:24,773:INFO:Starting new HTTPS connection (1): hacker-news.firebaseio.com
2017-11-18 22:44:25,455:INFO:Starting new HTTPS connection (1): hacker-news.firebaseio.com
2017-11-18 22:44:26,116:INFO:Starting new HTTPS connection (1): hacker-news.firebaseio.com
2017-11-18 22:44:26,804:INFO:Starting new HTTPS connection (1): hacker-news.firebaseio.com
2017-11-18 22:44:27,533:INFO:Starting new HTTPS connection (1): hacker-news.firebaseio.com
2017-11-18 22:44:28,230:INFO:Starting new HTTPS connection (1): hacker-news.firebaseio.com
2017-11-18 22:44:28,895:INFO:Starting new HTTPS connection (1): hacker-news.firebaseio.com
2017-11-18 22:44:29,551:INFO:Starting new HTTPS connection (1): hacker-news.firebaseio.com
2017-11-18 22:44:30,269:INFO:Starting new HTTPS connection (1): hacker-news.firebaseio.com
2017-11-18 22:44:31,003:INFO:Starting new HTTPS connection (1): hacker-news.firebaseio.com
2017-11-18 22:44:31,704:INFO:Starting new HTTPS connection (1): hacker-news.firebaseio.com
2017-11-18 22:44:32,365:INFO:Starting new HTTPS connection (1): hacker-news.firebaseio.com
2017-11-18 22:44:33,034:INFO:Starting new HTTPS connection (1): hacker-news.firebaseio.com
2017-11-18 22:44:33,699:INFO:Starting new HTTPS connection (1): hacker-news.firebaseio.com
2017-11-18 22:44:34,391:INFO:Starting new HTTPS connection (1): hacker-news.firebaseio.com
2017-11-18 22:44:35,057:INFO:Starting new HTTPS connection (1): hacker-news.firebaseio.com
2017-11-18 22:44:35,737:INFO:Starting new HTTPS connection (1): hacker-news.firebaseio.com
2017-11-18 22:44:36,389:INFO:Starting new HTTPS connection (1): hacker-news.firebaseio.com
2017-11-18 22:44:37,042:INFO:Starting new HTTPS connection (1): hacker-news.firebaseio.com
2017-11-18 22:44:37,706:INFO:Starting new HTTPS connection (1): hacker-news.firebaseio.com
2017-11-18 22:44:38,716:INFO:Starting new HTTPS connection (1): hacker-news.firebaseio.com
2017-11-18 22:44:39,418:INFO:Starting new HTTPS connection (1): hacker-news.firebaseio.com
2017-11-18 22:44:40,250:INFO:Starting new HTTPS connection (1): hacker-news.firebaseio.com
2017-11-18 22:44:40,906:INFO:Starting new HTTPS connection (1): hacker-news.firebaseio.com
2017-11-18 22:44:41,603:INFO:Starting new HTTPS connection (1): hacker-news.firebaseio.com
2017-11-18 22:44:42,272:INFO:Starting new HTTPS connection (1): hacker-news.firebaseio.com
2017-11-18 22:44:42,924:INFO:Starting new HTTPS connection (1): hacker-news.firebaseio.com
2017-11-18 22:44:43,593:INFO:Starting new HTTPS connection (1): hacker-news.firebaseio.com
2017-11-18 22:44:44,510:INFO:Starting new HTTPS connection (1): hacker-news.firebaseio.com
2017-11-18 22:44:45,176:INFO:Starting new HTTPS connection (1): hacker-news.firebaseio.com
2017-11-18 22:44:45,938:INFO:Starting new HTTPS connection (1): hacker-news.firebaseio.com
2017-11-18 22:44:46,764:INFO:Starting new HTTPS connection (1): hacker-news.firebaseio.com
2017-11-18 22:44:47,508:INFO:Starting new HTTPS connection (1): hacker-news.firebaseio.com
2017-11-18 22:44:48,174:INFO:Starting new HTTPS connection (1): hacker-news.firebaseio.com
2017-11-18 22:44:48,840:INFO:Starting new HTTPS connection (1): hacker-news.firebaseio.com
2017-11-18 22:44:49,525:INFO:Starting new HTTPS connection (1): hacker-news.firebaseio.com
2017-11-18 22:44:50,235:INFO:Starting new HTTPS connection (1): hacker-news.firebaseio.com
2017-11-18 22:44:50,887:INFO:Starting new HTTPS connection (1): hacker-news.firebaseio.com
2017-11-18 22:44:51,565:INFO:Starting new HTTPS connection (1): hacker-news.firebaseio.com
2017-11-18 22:44:52,221:INFO:Starting new HTTPS connection (1): hacker-news.firebaseio.com
2017-11-18 22:44:52,876:INFO:Starting new HTTPS connection (1): hacker-news.firebaseio.com
2017-11-18 22:44:53,553:INFO:Starting new HTTPS connection (1): hacker-news.firebaseio.com
2017-11-18 22:44:54,229:INFO:Starting new HTTPS connection (1): hacker-news.firebaseio.com
2017-11-18 22:44:54,986:INFO:Starting new HTTPS connection (1): hacker-news.firebaseio.com
2017-11-18 22:44:55,723:INFO:Starting new HTTPS connection (1): hacker-news.firebaseio.com
2017-11-18 22:44:56,441:INFO:Starting new HTTPS connection (1): hacker-news.firebaseio.com
2017-11-18 22:44:57,209:INFO:Starting new HTTPS connection (1): hacker-news.firebaseio.com
2017-11-18 22:44:57,938:INFO:Starting new HTTPS connection (1): hacker-news.firebaseio.com
2017-11-18 22:44:58,612:INFO:Starting new HTTPS connection (1): hacker-news.firebaseio.com
2017-11-18 22:44:59,292:INFO:Starting new HTTPS connection (1): hacker-news.firebaseio.com
2017-11-18 22:44:59,968:INFO:Starting new HTTPS connection (1): hacker-news.firebaseio.com
2017-11-18 22:45:01,927:INFO:Starting new HTTPS connection (1): hacker-news.firebaseio.com
2017-11-18 22:45:02,597:INFO:Starting new HTTPS connection (1): hacker-news.firebaseio.com
2017-11-18 22:45:03,496:INFO:Starting new HTTPS connection (1): hacker-news.firebaseio.com
2017-11-18 22:45:04,150:INFO:Starting new HTTPS connection (1): hacker-news.firebaseio.com
2017-11-18 22:45:04,839:INFO:Starting new HTTPS connection (1): hacker-news.firebaseio.com
2017-11-18 22:45:05,514:INFO:Starting new HTTPS connection (1): hacker-news.firebaseio.com
2017-11-18 22:45:06,173:INFO:Starting new HTTPS connection (1): hacker-news.firebaseio.com
2017-11-18 22:45:06,878:INFO:Starting new HTTPS connection (1): hacker-news.firebaseio.com
2017-11-18 22:45:07,559:INFO:Starting new HTTPS connection (1): hacker-news.firebaseio.com
2017-11-18 22:45:08,315:INFO:Starting new HTTPS connection (1): hacker-news.firebaseio.com
2017-11-18 22:45:09,435:INFO:Starting new HTTPS connection (1): hacker-news.firebaseio.com
2017-11-18 22:45:10,121:INFO:Starting new HTTPS connection (1): hacker-news.firebaseio.com
2017-11-18 22:45:10,801:INFO:Starting new HTTPS connection (1): hacker-news.firebaseio.com
2017-11-18 22:45:11,641:INFO:Starting new HTTPS connection (1): hacker-news.firebaseio.com
2017-11-18 22:45:12,308:INFO:Starting new HTTPS connection (1): hacker-news.firebaseio.com
2017-11-18 22:45:13,279:INFO:Starting new HTTPS connection (1): hacker-news.firebaseio.com
2017-11-18 22:45:13,938:INFO:Starting new HTTPS connection (1): hacker-news.firebaseio.com
2017-11-18 22:45:14,621:INFO:Starting new HTTPS connection (1): hacker-news.firebaseio.com
2017-11-18 22:45:15,307:INFO:Starting new HTTPS connection (1): hacker-news.firebaseio.com
2017-11-18 22:45:16,001:INFO:Starting new HTTPS connection (1): hacker-news.firebaseio.com
2017-11-18 22:45:17,149:INFO:Starting new HTTPS connection (1): hacker-news.firebaseio.com
2017-11-18 22:45:17,814:INFO:Starting new HTTPS connection (1): hacker-news.firebaseio.com
2017-11-18 22:45:18,473:INFO:Starting new HTTPS connection (1): hacker-news.firebaseio.com
2017-11-18 22:45:19,235:INFO:Starting new HTTPS connection (1): hacker-news.firebaseio.com
2017-11-18 22:45:19,909:INFO:Starting new HTTPS connection (1): hacker-news.firebaseio.com
2017-11-18 22:45:20,582:INFO:Starting new HTTPS connection (1): hacker-news.firebaseio.com
2017-11-18 22:45:21,268:INFO:Starting new HTTPS connection (1): hacker-news.firebaseio.com
2017-11-18 22:45:21,956:INFO:Starting new HTTPS connection (1): hacker-news.firebaseio.com
2017-11-18 22:45:22,617:INFO:Starting new HTTPS connection (1): hacker-news.firebaseio.com
2017-11-18 22:45:23,297:INFO:Starting new HTTPS connection (1): hacker-news.firebaseio.com
2017-11-18 22:45:24,154:INFO:Starting new HTTPS connection (1): hacker-news.firebaseio.com
2017-11-18 22:45:24,871:INFO:Starting new HTTPS connection (1): hacker-news.firebaseio.com
2017-11-18 22:45:25,533:INFO:Starting new HTTPS connection (1): hacker-news.firebaseio.com
2017-11-18 22:45:26,269:INFO:Starting new HTTPS connection (1): hacker-news.firebaseio.com
2017-11-18 22:45:27,091:INFO:Starting new HTTPS connection (1): hacker-news.firebaseio.com
2017-11-18 22:45:27,789:INFO:Starting new HTTPS connection (1): hacker-news.firebaseio.com
2017-11-18 22:45:28,457:INFO:Starting new HTTPS connection (1): hacker-news.firebaseio.com
2017-11-18 22:45:29,131:INFO:Starting new HTTPS connection (1): hacker-news.firebaseio.com
2017-11-18 22:45:29,807:INFO:Starting new HTTPS connection (1): hacker-news.firebaseio.com
2017-11-18 22:45:30,498:INFO:Starting new HTTPS connection (1): hacker-news.firebaseio.com
2017-11-18 22:45:31,174:INFO:Starting new HTTPS connection (1): hacker-news.firebaseio.com
2017-11-18 22:45:31,862:INFO:Starting new HTTPS connection (1): hacker-news.firebaseio.com
2017-11-18 22:45:32,882:INFO:Starting new HTTPS connection (1): hacker-news.firebaseio.com
2017-11-18 22:45:33,572:INFO:Starting new HTTPS connection (1): hacker-news.firebaseio.com
2017-11-18 22:45:34,248:INFO:Starting new HTTPS connection (1): hacker-news.firebaseio.com
2017-11-18 22:45:35,285:INFO:Starting new HTTPS connection (1): hacker-news.firebaseio.com
2017-11-18 22:45:35,993:INFO:Starting new HTTPS connection (1): hacker-news.firebaseio.com
2017-11-18 22:45:36,653:INFO:Starting new HTTPS connection (1): hacker-news.firebaseio.com
2017-11-18 22:45:37,315:INFO:Starting new HTTPS connection (1): hacker-news.firebaseio.com
2017-11-18 22:45:38,003:INFO:Starting new HTTPS connection (1): hacker-news.firebaseio.com
2017-11-18 22:45:38,910:INFO:Starting new HTTPS connection (1): hacker-news.firebaseio.com
2017-11-18 22:45:39,653:INFO:Starting new HTTPS connection (1): hacker-news.firebaseio.com
2017-11-18 22:45:40,395:INFO:Starting new HTTPS connection (1): hacker-news.firebaseio.com
2017-11-18 22:45:41,361:INFO:Starting new HTTPS connection (1): hacker-news.firebaseio.com
2017-11-18 22:45:42,109:INFO:Starting new HTTPS connection (1): hacker-news.firebaseio.com
2017-11-18 22:45:42,778:INFO:Starting new HTTPS connection (1): hacker-news.firebaseio.com
2017-11-18 22:45:43,443:INFO:Starting new HTTPS connection (1): hacker-news.firebaseio.com
2017-11-18 22:45:44,111:INFO:Starting new HTTPS connection (1): hacker-news.firebaseio.com
2017-11-18 22:45:44,818:INFO:Starting new HTTPS connection (1): hacker-news.firebaseio.com
2017-11-18 22:45:45,511:INFO:Starting new HTTPS connection (1): hacker-news.firebaseio.com
2017-11-18 22:45:46,734:INFO:Starting new HTTPS connection (1): hacker-news.firebaseio.com
2017-11-18 22:45:47,386:INFO:Starting new HTTPS connection (1): hacker-news.firebaseio.com
2017-11-18 22:45:48,034:INFO:Starting new HTTPS connection (1): hacker-news.firebaseio.com
2017-11-18 22:45:48,693:INFO:Starting new HTTPS connection (1): hacker-news.firebaseio.com
2017-11-18 22:45:49,403:INFO:Starting new HTTPS connection (1): hacker-news.firebaseio.com
2017-11-18 22:45:50,340:INFO:Starting new HTTPS connection (1): hacker-news.firebaseio.com
2017-11-18 22:45:51,003:INFO:Starting new HTTPS connection (1): hacker-news.firebaseio.com
2017-11-18 22:45:51,889:INFO:Starting new HTTPS connection (1): hacker-news.firebaseio.com
2017-11-18 22:45:52,671:INFO:Starting new HTTPS connection (1): hacker-news.firebaseio.com
2017-11-18 22:45:53,322:INFO:Starting new HTTPS connection (1): hacker-news.firebaseio.com
2017-11-18 22:45:54,003:INFO:Starting new HTTPS connection (1): hacker-news.firebaseio.com
2017-11-18 22:45:54,696:INFO:Starting new HTTPS connection (1): hacker-news.firebaseio.com
2017-11-18 22:45:55,644:INFO:Starting new HTTPS connection (1): hacker-news.firebaseio.com
2017-11-18 22:45:56,336:INFO:Starting new HTTPS connection (1): hacker-news.firebaseio.com
2017-11-18 22:45:57,005:INFO:Starting new HTTPS connection (1): hacker-news.firebaseio.com
2017-11-18 22:45:57,702:INFO:Starting new HTTPS connection (1): hacker-news.firebaseio.com
2017-11-18 22:45:58,377:INFO:Starting new HTTPS connection (1): hacker-news.firebaseio.com
2017-11-18 22:45:59,091:INFO:Starting new HTTPS connection (1): hacker-news.firebaseio.com
2017-11-18 22:45:59,757:INFO:Starting new HTTPS connection (1): hacker-news.firebaseio.com
2017-11-18 22:46:00,417:INFO:Starting new HTTPS connection (1): hacker-news.firebaseio.com
2017-11-18 22:46:01,079:INFO:Starting new HTTPS connection (1): hacker-news.firebaseio.com
2017-11-18 22:46:01,991:INFO:Starting new HTTPS connection (1): hacker-news.firebaseio.com
2017-11-18 22:46:02,687:INFO:Starting new HTTPS connection (1): hacker-news.firebaseio.com
2017-11-18 22:46:03,275:INFO:Starting new HTTPS connection (1): hacker-news.firebaseio.com
2017-11-18 22:46:03,958:INFO:Starting new HTTPS connection (1): hacker-news.firebaseio.com
2017-11-18 22:46:04,625:INFO:Starting new HTTPS connection (1): hacker-news.firebaseio.com
2017-11-18 22:46:05,357:INFO:Starting new HTTPS connection (1): hacker-news.firebaseio.com
2017-11-18 22:46:06,116:INFO:Starting new HTTPS connection (1): hacker-news.firebaseio.com
2017-11-18 22:46:06,774:INFO:Starting new HTTPS connection (1): hacker-news.firebaseio.com
2017-11-18 22:46:07,428:INFO:Starting new HTTPS connection (1): hacker-news.firebaseio.com
2017-11-18 22:46:08,094:INFO:Starting new HTTPS connection (1): hacker-news.firebaseio.com
2017-11-18 22:46:08,756:INFO:Starting new HTTPS connection (1): hacker-news.firebaseio.com
2017-11-18 22:46:09,436:INFO:Starting new HTTPS connection (1): hacker-news.firebaseio.com
2017-11-18 22:46:10,116:INFO:Starting new HTTPS connection (1): hacker-news.firebaseio.com
2017-11-18 22:46:10,813:INFO:Starting new HTTPS connection (1): hacker-news.firebaseio.com
2017-11-18 22:46:11,476:INFO:Starting new HTTPS connection (1): hacker-news.firebaseio.com
2017-11-18 22:46:13,206:INFO:Starting new HTTPS connection (1): hacker-news.firebaseio.com
2017-11-18 22:46:13,908:INFO:Starting new HTTPS connection (1): hacker-news.firebaseio.com
2017-11-18 22:46:14,625:INFO:Starting new HTTPS connection (1): hacker-news.firebaseio.com
2017-11-18 22:46:15,290:INFO:Starting new HTTPS connection (1): hacker-news.firebaseio.com
2017-11-18 22:46:16,041:INFO:Starting new HTTPS connection (1): hacker-news.firebaseio.com
2017-11-18 22:46:16,769:INFO:Starting new HTTPS connection (1): hacker-news.firebaseio.com
2017-11-18 22:46:17,439:INFO:Starting new HTTPS connection (1): hacker-news.firebaseio.com
2017-11-18 22:46:18,116:INFO:Starting new HTTPS connection (1): hacker-news.firebaseio.com
2017-11-18 22:46:18,784:INFO:Starting new HTTPS connection (1): hacker-news.firebaseio.com
2017-11-18 22:46:19,476:INFO:Starting new HTTPS connection (1): hacker-news.firebaseio.com
2017-11-18 22:46:20,462:INFO:Starting new HTTPS connection (1): hacker-news.firebaseio.com
2017-11-18 22:46:21,181:INFO:Starting new HTTPS connection (1): hacker-news.firebaseio.com
2017-11-18 22:46:21,868:INFO:Starting new HTTPS connection (1): hacker-news.firebaseio.com
2017-11-18 22:46:22,528:INFO:Starting new HTTPS connection (1): hacker-news.firebaseio.com
2017-11-18 22:46:23,193:INFO:Starting new HTTPS connection (1): hacker-news.firebaseio.com
2017-11-18 22:46:23,907:INFO:Starting new HTTPS connection (1): hacker-news.firebaseio.com
2017-11-18 22:46:24,598:INFO:Starting new HTTPS connection (1): hacker-news.firebaseio.com
2017-11-18 22:46:25,256:INFO:Starting new HTTPS connection (1): hacker-news.firebaseio.com
2017-11-18 22:46:25,987:INFO:Starting new HTTPS connection (1): hacker-news.firebaseio.com
2017-11-18 22:46:26,647:INFO:Starting new HTTPS connection (1): hacker-news.firebaseio.com
2017-11-18 22:46:27,317:INFO:Starting new HTTPS connection (1): hacker-news.firebaseio.com
2017-11-18 22:46:28,410:INFO:Starting new HTTPS connection (1): hacker-news.firebaseio.com
2017-11-18 22:46:29,080:INFO:Starting new HTTPS connection (1): hacker-news.firebaseio.com
2017-11-18 22:46:29,791:INFO:Starting new HTTPS connection (1): hacker-news.firebaseio.com
2017-11-18 22:46:30,514:INFO:Starting new HTTPS connection (1): hacker-news.firebaseio.com
2017-11-18 22:46:31,284:INFO:Starting new HTTPS connection (1): hacker-news.firebaseio.com
2017-11-18 22:46:31,977:INFO:Starting new HTTPS connection (1): hacker-news.firebaseio.com
2017-11-18 22:46:33,186:INFO:Starting new HTTPS connection (1): hacker-news.firebaseio.com
2017-11-18 22:46:34,217:INFO:Starting new HTTPS connection (1): hacker-news.firebaseio.com
2017-11-18 22:46:34,986:INFO:Starting new HTTPS connection (1): hacker-news.firebaseio.com
2017-11-18 22:46:35,657:INFO:Starting new HTTPS connection (1): hacker-news.firebaseio.com
2017-11-18 22:46:36,308:INFO:Starting new HTTPS connection (1): hacker-news.firebaseio.com
2017-11-18 22:46:37,061:INFO:Starting new HTTPS connection (1): hacker-news.firebaseio.com
2017-11-18 22:46:37,728:INFO:Starting new HTTPS connection (1): hacker-news.firebaseio.com
2017-11-18 22:46:38,384:INFO:Starting new HTTPS connection (1): hacker-news.firebaseio.com
2017-11-18 22:46:39,041:INFO:Starting new HTTPS connection (1): hacker-news.firebaseio.com
2017-11-18 22:46:40,004:INFO:Starting new HTTPS connection (1): hacker-news.firebaseio.com
2017-11-18 22:46:40,704:INFO:Starting new HTTPS connection (1): hacker-news.firebaseio.com
2017-11-18 22:46:41,359:INFO:Starting new HTTPS connection (1): hacker-news.firebaseio.com
2017-11-18 22:46:42,094:INFO:Starting new HTTPS connection (1): hacker-news.firebaseio.com
2017-11-18 22:46:42,825:INFO:Starting new HTTPS connection (1): hacker-news.firebaseio.com
2017-11-18 22:46:43,500:INFO:Starting new HTTPS connection (1): hacker-news.firebaseio.com
2017-11-18 22:46:44,167:INFO:Starting new HTTPS connection (1): hacker-news.firebaseio.com
2017-11-18 22:46:44,830:INFO:Starting new HTTPS connection (1): hacker-news.firebaseio.com
2017-11-18 22:46:45,493:INFO:Starting new HTTPS connection (1): hacker-news.firebaseio.com
2017-11-18 22:46:46,197:INFO:Starting new HTTPS connection (1): hacker-news.firebaseio.com
2017-11-18 22:46:46,871:INFO:Starting new HTTPS connection (1): hacker-news.firebaseio.com
2017-11-18 22:46:47,535:INFO:Starting new HTTPS connection (1): hacker-news.firebaseio.com
2017-11-18 22:46:48,228:INFO:Starting new HTTPS connection (1): hacker-news.firebaseio.com
2017-11-18 22:46:48,897:INFO:Starting new HTTPS connection (1): hacker-news.firebaseio.com
2017-11-18 22:46:49,595:INFO:Starting new HTTPS connection (1): hacker-news.firebaseio.com
2017-11-18 22:46:50,295:INFO:Starting new HTTPS connection (1): hacker-news.firebaseio.com
2017-11-18 22:46:50,993:INFO:Starting new HTTPS connection (1): hacker-news.firebaseio.com
2017-11-18 22:46:51,943:INFO:Starting new HTTPS connection (1): hacker-news.firebaseio.com
2017-11-18 22:46:52,693:INFO:Starting new HTTPS connection (1): hacker-news.firebaseio.com
2017-11-18 22:46:53,356:INFO:Starting new HTTPS connection (1): hacker-news.firebaseio.com
2017-11-18 22:46:54,129:INFO:Starting new HTTPS connection (1): hacker-news.firebaseio.com
2017-11-18 22:46:55,014:INFO:Starting new HTTPS connection (1): hacker-news.firebaseio.com
2017-11-18 22:46:55,732:INFO:Starting new HTTPS connection (1): hacker-news.firebaseio.com
2017-11-18 22:46:56,489:INFO:Starting new HTTPS connection (1): hacker-news.firebaseio.com
2017-11-18 22:46:57,195:INFO:Starting new HTTPS connection (1): hacker-news.firebaseio.com
2017-11-18 22:46:58,031:INFO:Starting new HTTPS connection (1): hacker-news.firebaseio.com
2017-11-18 22:46:58,811:INFO:Starting new HTTPS connection (1): hacker-news.firebaseio.com
2017-11-18 22:46:59,476:INFO:Starting new HTTPS connection (1): hacker-news.firebaseio.com
2017-11-18 22:47:00,322:INFO:Starting new HTTPS connection (1): hacker-news.firebaseio.com
2017-11-18 22:47:00,985:INFO:Starting new HTTPS connection (1): hacker-news.firebaseio.com
2017-11-18 22:47:01,645:INFO:Starting new HTTPS connection (1): hacker-news.firebaseio.com
2017-11-18 22:47:02,540:INFO:Starting new HTTPS connection (1): hacker-news.firebaseio.com
2017-11-18 22:47:03,201:INFO:Starting new HTTPS connection (1): hacker-news.firebaseio.com
2017-11-18 22:47:03,874:INFO:Starting new HTTPS connection (1): hacker-news.firebaseio.com
2017-11-18 22:47:04,538:INFO:Starting new HTTPS connection (1): hacker-news.firebaseio.com
2017-11-18 22:47:05,274:INFO:Starting new HTTPS connection (1): hacker-news.firebaseio.com
2017-11-18 22:47:05,940:INFO:Starting new HTTPS connection (1): hacker-news.firebaseio.com
2017-11-18 22:47:06,622:INFO:Starting new HTTPS connection (1): hacker-news.firebaseio.com
2017-11-18 22:47:07,408:INFO:Starting new HTTPS connection (1): hacker-news.firebaseio.com
2017-11-18 22:47:08,091:INFO:Starting new HTTPS connection (1): hacker-news.firebaseio.com
2017-11-18 22:47:08,774:INFO:Starting new HTTPS connection (1): hacker-news.firebaseio.com
2017-11-18 22:47:09,461:INFO:Starting new HTTPS connection (1): hacker-news.firebaseio.com
2017-11-18 22:47:10,125:INFO:Starting new HTTPS connection (1): hacker-news.firebaseio.com
2017-11-18 22:47:10,887:INFO:Starting new HTTPS connection (1): hacker-news.firebaseio.com
2017-11-18 22:47:11,607:INFO:Starting new HTTPS connection (1): hacker-news.firebaseio.com
2017-11-18 22:47:12,290:INFO:Starting new HTTPS connection (1): hacker-news.firebaseio.com
2017-11-18 22:47:12,958:INFO:Starting new HTTPS connection (1): hacker-news.firebaseio.com
2017-11-18 22:47:14,088:INFO:Starting new HTTPS connection (1): hacker-news.firebaseio.com
2017-11-18 22:47:14,751:INFO:Starting new HTTPS connection (1): hacker-news.firebaseio.com
2017-11-18 22:47:15,708:INFO:Starting new HTTPS connection (1): hacker-news.firebaseio.com
2017-11-18 22:47:16,692:INFO:Starting new HTTPS connection (1): hacker-news.firebaseio.com
2017-11-18 22:47:17,446:INFO:Starting new HTTPS connection (1): hacker-news.firebaseio.com
2017-11-18 22:47:18,102:INFO:Starting new HTTPS connection (1): hacker-news.firebaseio.com
2017-11-18 22:47:18,784:INFO:Starting new HTTPS connection (1): hacker-news.firebaseio.com
2017-11-18 22:47:20,127:INFO:Starting new HTTPS connection (1): hacker-news.firebaseio.com
2017-11-18 22:47:20,970:INFO:Starting new HTTPS connection (1): hacker-news.firebaseio.com
2017-11-18 22:47:22,031:INFO:Starting new HTTPS connection (1): hacker-news.firebaseio.com
2017-11-18 22:47:22,759:INFO:Starting new HTTPS connection (1): hacker-news.firebaseio.com
2017-11-18 22:47:23,416:INFO:Starting new HTTPS connection (1): hacker-news.firebaseio.com
2017-11-18 22:47:24,079:INFO:Starting new HTTPS connection (1): hacker-news.firebaseio.com
2017-11-18 22:47:24,736:INFO:Starting new HTTPS connection (1): hacker-news.firebaseio.com
2017-11-18 22:47:25,416:INFO:Starting new HTTPS connection (1): hacker-news.firebaseio.com
2017-11-18 22:47:26,078:INFO:Starting new HTTPS connection (1): hacker-news.firebaseio.com
2017-11-18 22:47:26,766:INFO:Starting new HTTPS connection (1): hacker-news.firebaseio.com
2017-11-18 22:47:27,660:INFO:Starting new HTTPS connection (1): hacker-news.firebaseio.com
2017-11-18 22:47:28,346:INFO:Starting new HTTPS connection (1): hacker-news.firebaseio.com
2017-11-18 22:47:29,059:INFO:Starting new HTTPS connection (1): hacker-news.firebaseio.com
2017-11-18 22:47:29,734:INFO:Starting new HTTPS connection (1): hacker-news.firebaseio.com
2017-11-18 22:47:30,933:INFO:Starting new HTTPS connection (1): hacker-news.firebaseio.com
2017-11-18 22:47:31,622:INFO:Starting new HTTPS connection (1): hacker-news.firebaseio.com
2017-11-18 22:47:32,309:INFO:Starting new HTTPS connection (1): hacker-news.firebaseio.com
2017-11-18 22:47:33,040:INFO:Starting new HTTPS connection (1): hacker-news.firebaseio.com
2017-11-18 22:47:33,780:INFO:Starting new HTTPS connection (1): hacker-news.firebaseio.com
2017-11-18 22:47:34,740:INFO:Starting new HTTPS connection (1): hacker-news.firebaseio.com
2017-11-18 22:47:35,502:INFO:Starting new HTTPS connection (1): hacker-news.firebaseio.com
2017-11-18 22:47:36,237:INFO:Starting new HTTPS connection (1): hacker-news.firebaseio.com
2017-11-18 22:47:36,919:INFO:Starting new HTTPS connection (1): hacker-news.firebaseio.com
2017-11-18 22:47:37,603:INFO:Starting new HTTPS connection (1): hacker-news.firebaseio.com
2017-11-18 22:47:38,298:INFO:Starting new HTTPS connection (1): hacker-news.firebaseio.com
2017-11-18 22:47:39,058:INFO:Starting new HTTPS connection (1): hacker-news.firebaseio.com
2017-11-18 22:47:39,755:INFO:Starting new HTTPS connection (1): hacker-news.firebaseio.com
2017-11-18 22:47:40,461:INFO:Starting new HTTPS connection (1): hacker-news.firebaseio.com
2017-11-18 22:47:41,211:INFO:Starting new HTTPS connection (1): hacker-news.firebaseio.com
2017-11-18 22:47:41,906:INFO:Starting new HTTPS connection (1): hacker-news.firebaseio.com
2017-11-18 22:47:42,598:INFO:Starting new HTTPS connection (1): hacker-news.firebaseio.com
2017-11-18 22:47:43,292:INFO:Starting new HTTPS connection (1): hacker-news.firebaseio.com
2017-11-18 22:47:43,955:INFO:Starting new HTTPS connection (1): hacker-news.firebaseio.com
2017-11-18 22:47:44,620:INFO:Starting new HTTPS connection (1): hacker-news.firebaseio.com
2017-11-18 22:47:45,298:INFO:Starting new HTTPS connection (1): hacker-news.firebaseio.com
2017-11-18 22:47:45,975:INFO:Starting new HTTPS connection (1): hacker-news.firebaseio.com
2017-11-18 22:47:46,650:INFO:Starting new HTTPS connection (1): hacker-news.firebaseio.com
2017-11-18 22:47:47,336:INFO:Starting new HTTPS connection (1): hacker-news.firebaseio.com
2017-11-18 22:47:48,016:INFO:Starting new HTTPS connection (1): hacker-news.firebaseio.com
2017-11-18 22:47:48,694:INFO:Starting new HTTPS connection (1): hacker-news.firebaseio.com
2017-11-18 22:47:49,352:INFO:Starting new HTTPS connection (1): hacker-news.firebaseio.com
2017-11-18 22:47:50,071:INFO:Starting new HTTPS connection (1): hacker-news.firebaseio.com
2017-11-18 22:47:51,065:INFO:Starting new HTTPS connection (1): hacker-news.firebaseio.com
2017-11-18 22:47:52,333:INFO:Starting new HTTPS connection (1): hacker-news.firebaseio.com
2017-11-18 22:47:53,045:INFO:Starting new HTTPS connection (1): hacker-news.firebaseio.com
2017-11-18 22:47:53,724:INFO:Starting new HTTPS connection (1): hacker-news.firebaseio.com
2017-11-18 22:47:54,462:INFO:Starting new HTTPS connection (1): hacker-news.firebaseio.com
2017-11-18 22:47:55,209:INFO:Starting new HTTPS connection (1): hacker-news.firebaseio.com
2017-11-18 22:47:55,958:INFO:Starting new HTTPS connection (1): hacker-news.firebaseio.com
2017-11-18 22:47:56,638:INFO:Starting new HTTPS connection (1): hacker-news.firebaseio.com
2017-11-18 22:47:57,576:INFO:Starting new HTTPS connection (1): hacker-news.firebaseio.com
2017-11-18 22:47:58,269:INFO:Starting new HTTPS connection (1): hacker-news.firebaseio.com
2017-11-18 22:47:58,936:INFO:Starting new HTTPS connection (1): hacker-news.firebaseio.com
2017-11-18 22:47:59,860:INFO:Starting new HTTPS connection (1): hacker-news.firebaseio.com
2017-11-18 22:48:00,653:INFO:Starting new HTTPS connection (1): hacker-news.firebaseio.com
2017-11-18 22:48:01,633:INFO:Starting new HTTPS connection (1): hacker-news.firebaseio.com
2017-11-18 22:48:02,661:INFO:Starting new HTTPS connection (1): hacker-news.firebaseio.com
2017-11-18 22:48:03,350:INFO:Starting new HTTPS connection (1): hacker-news.firebaseio.com
2017-11-18 22:48:04,040:INFO:Starting new HTTPS connection (1): hacker-news.firebaseio.com
2017-11-18 22:48:04,732:INFO:Starting new HTTPS connection (1): hacker-news.firebaseio.com
2017-11-18 22:48:05,430:INFO:Starting new HTTPS connection (1): hacker-news.firebaseio.com
2017-11-18 22:48:06,104:INFO:Starting new HTTPS connection (1): hacker-news.firebaseio.com
2017-11-18 22:48:07,013:INFO:Starting new HTTPS connection (1): hacker-news.firebaseio.com
2017-11-18 22:48:07,721:INFO:Starting new HTTPS connection (1): hacker-news.firebaseio.com
2017-11-18 22:48:08,388:INFO:Starting new HTTPS connection (1): hacker-news.firebaseio.com
2017-11-18 22:48:09,061:INFO:Starting new HTTPS connection (1): hacker-news.firebaseio.com
2017-11-18 22:48:09,645:INFO:Starting new HTTPS connection (1): hacker-news.firebaseio.com
2017-11-18 22:48:10,684:INFO:Starting new HTTPS connection (1): hacker-news.firebaseio.com
2017-11-18 22:48:11,396:INFO:Starting new HTTPS connection (1): hacker-news.firebaseio.com
2017-11-18 22:48:12,075:INFO:Starting new HTTPS connection (1): hacker-news.firebaseio.com
2017-11-18 22:48:12,760:INFO:Starting new HTTPS connection (1): hacker-news.firebaseio.com
2017-11-18 22:48:13,453:INFO:Starting new HTTPS connection (1): hacker-news.firebaseio.com
2017-11-18 22:48:14,134:INFO:Starting new HTTPS connection (1): hacker-news.firebaseio.com
2017-11-18 22:48:14,809:INFO:Starting new HTTPS connection (1): hacker-news.firebaseio.com
2017-11-18 22:48:15,504:INFO:Starting new HTTPS connection (1): hacker-news.firebaseio.com
2017-11-18 22:48:16,208:INFO:Starting new HTTPS connection (1): hacker-news.firebaseio.com
2017-11-18 22:48:17,042:INFO:Starting new HTTPS connection (1): hacker-news.firebaseio.com
2017-11-18 22:48:17,719:INFO:Starting new HTTPS connection (1): hacker-news.firebaseio.com
2017-11-18 22:48:18,394:INFO:Starting new HTTPS connection (1): hacker-news.firebaseio.com
2017-11-18 22:48:18,972:INFO:Starting new HTTPS connection (1): hacker-news.firebaseio.com
2017-11-18 22:48:19,657:INFO:Starting new HTTPS connection (1): hacker-news.firebaseio.com
2017-11-18 22:48:20,340:INFO:Starting new HTTPS connection (1): hacker-news.firebaseio.com
2017-11-18 22:48:21,229:INFO:Starting new HTTPS connection (1): hacker-news.firebaseio.com
2017-11-18 22:48:21,966:INFO:Starting new HTTPS connection (1): hacker-news.firebaseio.com
2017-11-18 22:48:22,665:INFO:Starting new HTTPS connection (1): hacker-news.firebaseio.com
2017-11-18 22:48:23,418:INFO:Starting new HTTPS connection (1): hacker-news.firebaseio.com
2017-11-18 22:48:24,435:INFO:Starting new HTTPS connection (1): hacker-news.firebaseio.com
2017-11-18 22:48:25,154:INFO:Starting new HTTPS connection (1): hacker-news.firebaseio.com
2017-11-18 22:48:25,862:INFO:Starting new HTTPS connection (1): hacker-news.firebaseio.com
2017-11-18 22:48:26,539:INFO:Starting new HTTPS connection (1): hacker-news.firebaseio.com
2017-11-18 22:48:27,404:INFO:Starting new HTTPS connection (1): hacker-news.firebaseio.com
2017-11-18 22:48:29,070:INFO:Starting new HTTPS connection (1): hacker-news.firebaseio.com
2017-11-18 22:48:29,785:INFO:Starting new HTTPS connection (1): hacker-news.firebaseio.com
2017-11-18 22:48:30,560:INFO:Starting new HTTPS connection (1): hacker-news.firebaseio.com
2017-11-18 22:48:31,239:INFO:Starting new HTTPS connection (1): hacker-news.firebaseio.com
2017-11-18 22:48:31,941:INFO:Starting new HTTPS connection (1): hacker-news.firebaseio.com
2017-11-18 22:48:32,641:INFO:Starting new HTTPS connection (1): hacker-news.firebaseio.com
2017-11-18 22:48:33,316:INFO:Starting new HTTPS connection (1): hacker-news.firebaseio.com
2017-11-18 22:48:33,989:INFO:Starting new HTTPS connection (1): hacker-news.firebaseio.com
2017-11-18 22:48:34,797:INFO:Starting new HTTPS connection (1): hacker-news.firebaseio.com
2017-11-18 22:48:35,559:INFO:Starting new HTTPS connection (1): hacker-news.firebaseio.com
2017-11-18 22:48:36,242:INFO:Starting new HTTPS connection (1): hacker-news.firebaseio.com
2017-11-18 22:48:36,936:INFO:Starting new HTTPS connection (1): hacker-news.firebaseio.com
2017-11-18 22:48:37,797:INFO:Starting new HTTPS connection (1): hacker-news.firebaseio.com
2017-11-18 22:48:38,476:INFO:Starting new HTTPS connection (1): hacker-news.firebaseio.com
2017-11-18 22:48:39,169:INFO:Starting new HTTPS connection (1): hacker-news.firebaseio.com
2017-11-18 22:48:39,864:INFO:Starting new HTTPS connection (1): hacker-news.firebaseio.com
2017-11-18 22:48:40,624:INFO:Starting new HTTPS connection (1): hacker-news.firebaseio.com
2017-11-18 22:48:41,387:INFO:Starting new HTTPS connection (1): hacker-news.firebaseio.com
2017-11-18 22:48:42,109:INFO:Starting new HTTPS connection (1): hacker-news.firebaseio.com
2017-11-18 22:48:42,771:INFO:Starting new HTTPS connection (1): hacker-news.firebaseio.com
2017-11-18 22:48:43,508:INFO:Starting new HTTPS connection (1): hacker-news.firebaseio.com
2017-11-18 22:48:44,262:INFO:Starting new HTTPS connection (1): hacker-news.firebaseio.com
2017-11-18 22:48:44,982:INFO:Starting new HTTPS connection (1): hacker-news.firebaseio.com
2017-11-18 22:48:45,745:INFO:Starting new HTTPS connection (1): hacker-news.firebaseio.com
2017-11-18 22:48:46,974:INFO:Starting new HTTPS connection (1): hacker-news.firebaseio.com
2017-11-18 22:48:47,665:INFO:Starting new HTTPS connection (1): hacker-news.firebaseio.com
2017-11-18 22:48:48,341:INFO:Starting new HTTPS connection (1): hacker-news.firebaseio.com
2017-11-18 22:48:49,020:INFO:Starting new HTTPS connection (1): hacker-news.firebaseio.com
2017-11-18 22:48:49,815:INFO:Starting new HTTPS connection (1): hacker-news.firebaseio.com
2017-11-18 22:48:50,664:INFO:Starting new HTTPS connection (1): hacker-news.firebaseio.com
2017-11-18 22:48:51,453:INFO:Starting new HTTPS connection (1): hacker-news.firebaseio.com
2017-11-18 22:48:52,193:INFO:Starting new HTTPS connection (1): hacker-news.firebaseio.com
2017-11-18 22:48:52,925:INFO:Starting new HTTPS connection (1): hacker-news.firebaseio.com
2017-11-18 22:48:53,619:INFO:Starting new HTTPS connection (1): hacker-news.firebaseio.com
2017-11-18 22:48:55,206:INFO:Starting new HTTPS connection (1): hacker-news.firebaseio.com
2017-11-18 22:48:55,885:INFO:Starting new HTTPS connection (1): hacker-news.firebaseio.com
2017-11-18 22:48:56,634:INFO:Starting new HTTPS connection (1): hacker-news.firebaseio.com
2017-11-18 22:48:57,338:INFO:Starting new HTTPS connection (1): hacker-news.firebaseio.com
2017-11-18 22:48:58,029:INFO:Starting new HTTPS connection (1): hacker-news.firebaseio.com
2017-11-18 22:48:58,687:INFO:Starting new HTTPS connection (1): hacker-news.firebaseio.com
2017-11-18 22:48:59,396:INFO:Starting new HTTPS connection (1): hacker-news.firebaseio.com
2017-11-18 22:49:00,181:INFO:Starting new HTTPS connection (1): hacker-news.firebaseio.com
2017-11-18 22:49:00,856:INFO:Starting new HTTPS connection (1): hacker-news.firebaseio.com
2017-11-18 22:49:01,528:INFO:Starting new HTTPS connection (1): hacker-news.firebaseio.com
2017-11-18 22:49:02,255:INFO:Starting new HTTPS connection (1): hacker-news.firebaseio.com
2017-11-18 22:49:02,935:INFO:Starting new HTTPS connection (1): hacker-news.firebaseio.com
2017-11-18 22:49:03,617:INFO:Starting new HTTPS connection (1): hacker-news.firebaseio.com
2017-11-18 22:49:04,309:INFO:Starting new HTTPS connection (1): hacker-news.firebaseio.com
2017-11-18 22:49:05,007:INFO:Starting new HTTPS connection (1): hacker-news.firebaseio.com
2017-11-18 22:49:05,714:INFO:Starting new HTTPS connection (1): hacker-news.firebaseio.com
2017-11-18 22:49:06,524:INFO:Starting new HTTPS connection (1): hacker-news.firebaseio.com
2017-11-18 22:49:07,205:INFO:Starting new HTTPS connection (1): hacker-news.firebaseio.com
2017-11-18 22:49:07,893:INFO:Starting new HTTPS connection (1): hacker-news.firebaseio.com
2017-11-18 22:49:08,812:INFO:Starting new HTTPS connection (1): hacker-news.firebaseio.com
2017-11-18 22:49:09,494:INFO:Starting new HTTPS connection (1): hacker-news.firebaseio.com
2017-11-18 22:49:10,165:INFO:Starting new HTTPS connection (1): hacker-news.firebaseio.com
2017-11-18 22:49:10,843:INFO:Starting new HTTPS connection (1): hacker-news.firebaseio.com
2017-11-18 22:49:11,892:INFO:Starting new HTTPS connection (1): hacker-news.firebaseio.com
2017-11-18 22:49:12,566:INFO:Starting new HTTPS connection (1): hacker-news.firebaseio.com
2017-11-18 22:49:13,261:INFO:Starting new HTTPS connection (1): hacker-news.firebaseio.com
2017-11-18 22:49:13,979:INFO:Starting new HTTPS connection (1): hacker-news.firebaseio.com
2017-11-18 22:49:14,644:INFO:Starting new HTTPS connection (1): hacker-news.firebaseio.com
2017-11-18 22:49:15,312:INFO:Starting new HTTPS connection (1): hacker-news.firebaseio.com
2017-11-18 22:49:16,070:INFO:Starting new HTTPS connection (1): hacker-news.firebaseio.com
2017-11-18 22:49:16,743:INFO:Starting new HTTPS connection (1): hacker-news.firebaseio.com
2017-11-18 22:49:17,426:INFO:Starting new HTTPS connection (1): hacker-news.firebaseio.com
2017-11-18 22:49:18,170:INFO:Starting new HTTPS connection (1): hacker-news.firebaseio.com
2017-11-18 22:49:18,847:INFO:Starting new HTTPS connection (1): hacker-news.firebaseio.com
2017-11-18 22:49:19,527:INFO:Starting new HTTPS connection (1): hacker-news.firebaseio.com
2017-11-18 22:49:20,202:INFO:Starting new HTTPS connection (1): hacker-news.firebaseio.com
2017-11-18 22:49:21,405:INFO:Starting new HTTPS connection (1): hacker-news.firebaseio.com
2017-11-18 22:49:22,083:INFO:Starting new HTTPS connection (1): hacker-news.firebaseio.com
2017-11-18 22:49:22,805:INFO:Starting new HTTPS connection (1): hacker-news.firebaseio.com
2017-11-18 22:49:23,506:INFO:Starting new HTTPS connection (1): hacker-news.firebaseio.com
2017-11-18 22:49:24,186:INFO:Starting new HTTPS connection (1): hacker-news.firebaseio.com
2017-11-18 22:49:24,860:INFO:Starting new HTTPS connection (1): hacker-news.firebaseio.com
2017-11-18 22:49:25,579:INFO:Starting new HTTPS connection (1): hacker-news.firebaseio.com
2017-11-18 22:49:26,254:INFO:Starting new HTTPS connection (1): hacker-news.firebaseio.com
2017-11-18 22:49:26,950:INFO:Starting new HTTPS connection (1): hacker-news.firebaseio.com
2017-11-18 22:49:27,667:INFO:Starting new HTTPS connection (1): hacker-news.firebaseio.com
2017-11-18 22:49:28,345:INFO:Starting new HTTPS connection (1): hacker-news.firebaseio.com
2017-11-18 22:49:29,012:INFO:Starting new HTTPS connection (1): hacker-news.firebaseio.com
2017-11-18 22:49:29,675:INFO:Starting new HTTPS connection (1): hacker-news.firebaseio.com
2017-11-18 22:49:30,356:INFO:Starting new HTTPS connection (1): hacker-news.firebaseio.com
2017-11-18 22:49:31,438:INFO:found all files by filter
2017-11-18 22:49:31,452:INFO:writed records in file by filter
2017-11-18 23:34:11,295:INFO:Program started
2017-11-18 23:34:11,295:INFO:User selected true-category: newstories
2017-11-18 23:34:11,296:INFO:Check category in url
2017-11-18 23:34:11,826:INFO:Starting new HTTPS connection (1): hacker-news.firebaseio.com
2017-11-18 23:34:12,813:INFO:Starting new HTTPS connection (1): hacker-news.firebaseio.com
2017-11-18 23:34:13,482:INFO:Starting new HTTPS connection (1): hacker-news.firebaseio.com
2017-11-18 23:34:14,154:INFO:Starting new HTTPS connection (1): hacker-news.firebaseio.com
2017-11-18 23:34:14,987:INFO:Starting new HTTPS connection (1): hacker-news.firebaseio.com
2017-11-18 23:34:15,656:INFO:Starting new HTTPS connection (1): hacker-news.firebaseio.com
2017-11-18 23:34:16,348:INFO:Starting new HTTPS connection (1): hacker-news.firebaseio.com
2017-11-18 23:34:17,035:INFO:Starting new HTTPS connection (1): hacker-news.firebaseio.com
2017-11-18 23:34:17,733:INFO:Starting new HTTPS connection (1): hacker-news.firebaseio.com
2017-11-18 23:34:18,416:INFO:Starting new HTTPS connection (1): hacker-news.firebaseio.com
2017-11-18 23:34:19,084:INFO:Starting new HTTPS connection (1): hacker-news.firebaseio.com
2017-11-18 23:34:19,815:INFO:Starting new HTTPS connection (1): hacker-news.firebaseio.com
2017-11-18 23:34:20,511:INFO:Starting new HTTPS connection (1): hacker-news.firebaseio.com
2017-11-18 23:34:21,204:INFO:Starting new HTTPS connection (1): hacker-news.firebaseio.com
2017-11-18 23:34:21,880:INFO:Starting new HTTPS connection (1): hacker-news.firebaseio.com
2017-11-18 23:34:22,825:INFO:Starting new HTTPS connection (1): hacker-news.firebaseio.com
2017-11-18 23:34:23,484:INFO:Starting new HTTPS connection (1): hacker-news.firebaseio.com
2017-11-18 23:34:24,207:INFO:Starting new HTTPS connection (1): hacker-news.firebaseio.com
2017-11-18 23:34:24,950:INFO:Starting new HTTPS connection (1): hacker-news.firebaseio.com
2017-11-18 23:34:25,752:INFO:Starting new HTTPS connection (1): hacker-news.firebaseio.com
2017-11-18 23:34:26,480:INFO:Starting new HTTPS connection (1): hacker-news.firebaseio.com
2017-11-18 23:34:27,142:INFO:Starting new HTTPS connection (1): hacker-news.firebaseio.com
2017-11-18 23:34:27,828:INFO:Starting new HTTPS connection (1): hacker-news.firebaseio.com
2017-11-18 23:34:28,546:INFO:Starting new HTTPS connection (1): hacker-news.firebaseio.com
2017-11-18 23:34:29,250:INFO:Starting new HTTPS connection (1): hacker-news.firebaseio.com
2017-11-18 23:34:29,941:INFO:Starting new HTTPS connection (1): hacker-news.firebaseio.com
2017-11-18 23:34:30,655:INFO:Starting new HTTPS connection (1): hacker-news.firebaseio.com
2017-11-18 23:34:31,310:INFO:Starting new HTTPS connection (1): hacker-news.firebaseio.com
2017-11-18 23:35:55,998:INFO:Program started
2017-11-18 23:35:55,999:INFO:User selected true-category: showstories
2017-11-18 23:35:55,999:INFO:Check category in url
2017-11-18 23:35:56,017:INFO:Starting new HTTPS connection (1): hacker-news.firebaseio.com
2017-11-18 23:35:56,845:INFO:Starting new HTTPS connection (1): hacker-news.firebaseio.com
2017-11-18 23:35:57,598:INFO:Starting new HTTPS connection (1): hacker-news.firebaseio.com
2017-11-18 23:35:58,264:INFO:Starting new HTTPS connection (1): hacker-news.firebaseio.com
2017-11-18 23:35:58,940:INFO:Starting new HTTPS connection (1): hacker-news.firebaseio.com
2017-11-18 23:35:59,637:INFO:Starting new HTTPS connection (1): hacker-news.firebaseio.com
2017-11-18 23:36:00,296:INFO:Starting new HTTPS connection (1): hacker-news.firebaseio.com
2017-11-18 23:36:00,968:INFO:Starting new HTTPS connection (1): hacker-news.firebaseio.com
2017-11-18 23:36:01,625:INFO:Starting new HTTPS connection (1): hacker-news.firebaseio.com
2017-11-18 23:36:02,603:INFO:Starting new HTTPS connection (1): hacker-news.firebaseio.com
2017-11-18 23:36:03,254:INFO:Starting new HTTPS connection (1): hacker-news.firebaseio.com
2017-11-18 23:36:03,913:INFO:Starting new HTTPS connection (1): hacker-news.firebaseio.com
2017-11-18 23:36:04,607:INFO:Starting new HTTPS connection (1): hacker-news.firebaseio.com
2017-11-18 23:36:05,279:INFO:Starting new HTTPS connection (1): hacker-news.firebaseio.com
2017-11-18 23:36:06,165:INFO:Starting new HTTPS connection (1): hacker-news.firebaseio.com
2017-11-18 23:36:06,862:INFO:Starting new HTTPS connection (1): hacker-news.firebaseio.com
2017-11-18 23:36:07,556:INFO:Starting new HTTPS connection (1): hacker-news.firebaseio.com
2017-11-18 23:36:08,976:INFO:Starting new HTTPS connection (1): hacker-news.firebaseio.com
2017-11-18 23:36:09,646:INFO:Starting new HTTPS connection (1): hacker-news.firebaseio.com
2017-11-18 23:36:10,334:INFO:Starting new HTTPS connection (1): hacker-news.firebaseio.com
2017-11-18 23:36:11,005:INFO:Starting new HTTPS connection (1): hacker-news.firebaseio.com
2017-11-18 23:36:11,687:INFO:Starting new HTTPS connection (1): hacker-news.firebaseio.com
2017-11-18 23:36:12,372:INFO:Starting new HTTPS connection (1): hacker-news.firebaseio.com
2017-11-18 23:36:13,077:INFO:Starting new HTTPS connection (1): hacker-news.firebaseio.com
2017-11-18 23:36:13,909:INFO:Starting new HTTPS connection (1): hacker-news.firebaseio.com
2017-11-18 23:36:14,640:INFO:Starting new HTTPS connection (1): hacker-news.firebaseio.com
2017-11-18 23:36:15,313:INFO:Starting new HTTPS connection (1): hacker-news.firebaseio.com
2017-11-18 23:36:16,029:INFO:Starting new HTTPS connection (1): hacker-news.firebaseio.com
2017-11-18 23:36:16,713:INFO:Starting new HTTPS connection (1): hacker-news.firebaseio.com
2017-11-18 23:36:17,406:INFO:Starting new HTTPS connection (1): hacker-news.firebaseio.com
2017-11-18 23:36:18,107:INFO:Starting new HTTPS connection (1): hacker-news.firebaseio.com
2017-11-18 23:36:18,817:INFO:Starting new HTTPS connection (1): hacker-news.firebaseio.com
2017-11-18 23:36:19,507:INFO:Starting new HTTPS connection (1): hacker-news.firebaseio.com
2017-11-18 23:36:20,231:INFO:Starting new HTTPS connection (1): hacker-news.firebaseio.com
2017-11-18 23:36:20,937:INFO:Starting new HTTPS connection (1): hacker-news.firebaseio.com
2017-11-18 23:36:21,680:INFO:Starting new HTTPS connection (1): hacker-news.firebaseio.com
2017-11-18 23:36:22,703:INFO:Starting new HTTPS connection (1): hacker-news.firebaseio.com
2017-11-18 23:36:23,407:INFO:Starting new HTTPS connection (1): hacker-news.firebaseio.com
2017-11-18 23:36:24,121:INFO:Starting new HTTPS connection (1): hacker-news.firebaseio.com
2017-11-18 23:36:24,788:INFO:Starting new HTTPS connection (1): hacker-news.firebaseio.com
2017-11-18 23:36:25,479:INFO:Starting new HTTPS connection (1): hacker-news.firebaseio.com
2017-11-18 23:36:26,173:INFO:Starting new HTTPS connection (1): hacker-news.firebaseio.com
2017-11-18 23:36:26,935:INFO:Starting new HTTPS connection (1): hacker-news.firebaseio.com
2017-11-18 23:36:27,694:INFO:Starting new HTTPS connection (1): hacker-news.firebaseio.com
2017-11-18 23:36:28,377:INFO:Starting new HTTPS connection (1): hacker-news.firebaseio.com
2017-11-18 23:36:29,037:INFO:Starting new HTTPS connection (1): hacker-news.firebaseio.com
2017-11-18 23:36:29,706:INFO:Starting new HTTPS connection (1): hacker-news.firebaseio.com
2017-11-18 23:36:30,404:INFO:Starting new HTTPS connection (1): hacker-news.firebaseio.com
2017-11-18 23:36:31,596:INFO:Starting new HTTPS connection (1): hacker-news.firebaseio.com
2017-11-18 23:36:32,332:INFO:Starting new HTTPS connection (1): hacker-news.firebaseio.com
2017-11-18 23:36:33,024:INFO:Starting new HTTPS connection (1): hacker-news.firebaseio.com
2017-11-18 23:36:33,808:INFO:Starting new HTTPS connection (1): hacker-news.firebaseio.com
2017-11-18 23:36:34,503:INFO:found all files by filter
2017-11-18 23:36:34,505:INFO:writed records in file by filter
2017-12-21 00:36:09,623:INFO:Program started
2017-12-21 00:36:09,626:INFO:User selected true-category: newstories
2017-12-21 00:36:09,626:INFO:Check category in url
2017-12-21 00:36:09,689:INFO:Starting new HTTPS connection (1): hacker-news.firebaseio.com
2017-12-21 00:36:10,600:INFO:Starting new HTTPS connection (1): hacker-news.firebaseio.com
2017-12-21 00:36:11,229:INFO:Starting new HTTPS connection (1): hacker-news.firebaseio.com
2017-12-21 00:36:11,870:INFO:Starting new HTTPS connection (1): hacker-news.firebaseio.com
2017-12-21 00:36:12,657:INFO:Starting new HTTPS connection (1): hacker-news.firebaseio.com
2017-12-21 00:36:13,487:INFO:Starting new HTTPS connection (1): hacker-news.firebaseio.com
2017-12-21 00:36:14,109:INFO:Starting new HTTPS connection (1): hacker-news.firebaseio.com
2017-12-21 00:36:14,959:INFO:Starting new HTTPS connection (1): hacker-news.firebaseio.com
2017-12-21 00:36:15,601:INFO:Starting new HTTPS connection (1): hacker-news.firebaseio.com
2017-12-21 00:36:16,279:INFO:Starting new HTTPS connection (1): hacker-news.firebaseio.com
2017-12-21 00:36:16,914:INFO:Starting new HTTPS connection (1): hacker-news.firebaseio.com
2017-12-21 00:36:17,537:INFO:Starting new HTTPS connection (1): hacker-news.firebaseio.com
2017-12-21 00:36:18,395:INFO:Starting new HTTPS connection (1): hacker-news.firebaseio.com
2017-12-21 00:36:19,004:INFO:Starting new HTTPS connection (1): hacker-news.firebaseio.com
2017-12-21 00:36:19,641:INFO:Starting new HTTPS connection (1): hacker-news.firebaseio.com
2017-12-21 00:36:20,264:INFO:Starting new HTTPS connection (1): hacker-news.firebaseio.com
2017-12-21 00:36:20,883:INFO:Starting new HTTPS connection (1): hacker-news.firebaseio.com
2017-12-21 00:36:21,519:INFO:Starting new HTTPS connection (1): hacker-news.firebaseio.com
2017-12-21 00:36:22,137:INFO:Starting new HTTPS connection (1): hacker-news.firebaseio.com
2017-12-21 00:36:22,759:INFO:Starting new HTTPS connection (1): hacker-news.firebaseio.com
2017-12-21 00:36:23,373:INFO:Starting new HTTPS connection (1): hacker-news.firebaseio.com
2017-12-21 00:36:24,003:INFO:Starting new HTTPS connection (1): hacker-news.firebaseio.com
2017-12-21 00:36:24,619:INFO:Starting new HTTPS connection (1): hacker-news.firebaseio.com
2017-12-21 00:36:25,253:INFO:Starting new HTTPS connection (1): hacker-news.firebaseio.com
2017-12-21 00:36:26,195:INFO:Starting new HTTPS connection (1): hacker-news.firebaseio.com
2017-12-21 00:36:26,815:INFO:Starting new HTTPS connection (1): hacker-news.firebaseio.com
2017-12-21 00:40:14,120:INFO:Program started
2017-12-21 00:40:14,121:INFO:User selected true-category: showstories
2017-12-21 00:40:14,121:INFO:Check category in url
2017-12-21 00:40:14,136:INFO:Starting new HTTPS connection (1): hacker-news.firebaseio.com
2017-12-21 00:40:14,952:INFO:Starting new HTTPS connection (1): hacker-news.firebaseio.com
2017-12-21 00:40:15,574:INFO:Starting new HTTPS connection (1): hacker-news.firebaseio.com
2017-12-21 00:40:16,250:INFO:Starting new HTTPS connection (1): hacker-news.firebaseio.com
2017-12-21 00:40:17,147:INFO:Starting new HTTPS connection (1): hacker-news.firebaseio.com
2017-12-21 00:40:17,759:INFO:Starting new HTTPS connection (1): hacker-news.firebaseio.com
2017-12-21 00:40:18,390:INFO:Starting new HTTPS connection (1): hacker-news.firebaseio.com
2017-12-21 00:40:19,015:INFO:Starting new HTTPS connection (1): hacker-news.firebaseio.com
2017-12-21 00:40:19,640:INFO:Starting new HTTPS connection (1): hacker-news.firebaseio.com
2017-12-21 00:40:20,314:INFO:Starting new HTTPS connection (1): hacker-news.firebaseio.com
2017-12-21 00:40:21,029:INFO:Starting new HTTPS connection (1): hacker-news.firebaseio.com
2017-12-21 00:40:21,779:INFO:Starting new HTTPS connection (1): hacker-news.firebaseio.com
2017-12-21 00:40:22,397:INFO:Starting new HTTPS connection (1): hacker-news.firebaseio.com
2017-12-21 00:40:23,029:INFO:Starting new HTTPS connection (1): hacker-news.firebaseio.com
2017-12-21 00:40:23,647:INFO:Starting new HTTPS connection (1): hacker-news.firebaseio.com
2017-12-21 00:40:24,265:INFO:Starting new HTTPS connection (1): hacker-news.firebaseio.com
2017-12-21 00:40:24,879:INFO:Starting new HTTPS connection (1): hacker-news.firebaseio.com
2017-12-21 00:40:25,499:INFO:Starting new HTTPS connection (1): hacker-news.firebaseio.com
2017-12-21 00:40:26,208:INFO:Starting new HTTPS connection (1): hacker-news.firebaseio.com
2017-12-21 00:40:26,889:INFO:Starting new HTTPS connection (1): hacker-news.firebaseio.com
2017-12-21 00:40:27,540:INFO:Starting new HTTPS connection (1): hacker-news.firebaseio.com
2017-12-21 00:40:28,178:INFO:Starting new HTTPS connection (1): hacker-news.firebaseio.com
2017-12-21 00:40:28,800:INFO:Starting new HTTPS connection (1): hacker-news.firebaseio.com
2017-12-21 00:40:29,417:INFO:Starting new HTTPS connection (1): hacker-news.firebaseio.com
2017-12-21 00:40:30,037:INFO:Starting new HTTPS connection (1): hacker-news.firebaseio.com
2017-12-21 00:40:30,669:INFO:Starting new HTTPS connection (1): hacker-news.firebaseio.com
2017-12-21 00:40:32,091:INFO:Starting new HTTPS connection (1): hacker-news.firebaseio.com
2017-12-21 00:40:32,716:INFO:Starting new HTTPS connection (1): hacker-news.firebaseio.com
2017-12-21 00:40:33,334:INFO:Starting new HTTPS connection (1): hacker-news.firebaseio.com
2017-12-21 00:40:33,983:INFO:Starting new HTTPS connection (1): hacker-news.firebaseio.com
2017-12-21 00:40:34,621:INFO:Starting new HTTPS connection (1): hacker-news.firebaseio.com
2017-12-21 00:40:35,233:INFO:Starting new HTTPS connection (1): hacker-news.firebaseio.com
2017-12-21 00:40:36,073:INFO:Starting new HTTPS connection (1): hacker-news.firebaseio.com
2017-12-21 00:40:36,686:INFO:Starting new HTTPS connection (1): hacker-news.firebaseio.com
2017-12-21 00:40:37,444:INFO:Starting new HTTPS connection (1): hacker-news.firebaseio.com
2017-12-21 00:40:38,061:INFO:Starting new HTTPS connection (1): hacker-news.firebaseio.com
2017-12-21 00:40:38,748:INFO:Starting new HTTPS connection (1): hacker-news.firebaseio.com
2017-12-21 00:40:39,290:INFO:Starting new HTTPS connection (1): hacker-news.firebaseio.com
2017-12-21 00:40:39,946:INFO:Starting new HTTPS connection (1): hacker-news.firebaseio.com
2017-12-21 00:40:40,586:INFO:Starting new HTTPS connection (1): hacker-news.firebaseio.com
2017-12-21 00:40:41,254:INFO:Starting new HTTPS connection (1): hacker-news.firebaseio.com
2017-12-21 00:40:41,879:INFO:Starting new HTTPS connection (1): hacker-news.firebaseio.com
2017-12-21 00:40:42,521:INFO:Starting new HTTPS connection (1): hacker-news.firebaseio.com
2017-12-21 00:40:43,152:INFO:Starting new HTTPS connection (1): hacker-news.firebaseio.com
2017-12-21 00:40:43,769:INFO:Starting new HTTPS connection (1): hacker-news.firebaseio.com
2017-12-21 00:40:44,467:INFO:Starting new HTTPS connection (1): hacker-news.firebaseio.com
2017-12-21 00:40:45,125:INFO:Starting new HTTPS connection (1): hacker-news.firebaseio.com
2017-12-21 00:40:45,760:INFO:Starting new HTTPS connection (1): hacker-news.firebaseio.com
2017-12-21 00:40:46,643:INFO:Starting new HTTPS connection (1): hacker-news.firebaseio.com
2017-12-21 00:40:47,410:INFO:Starting new HTTPS connection (1): hacker-news.firebaseio.com
2017-12-21 00:40:48,933:INFO:Starting new HTTPS connection (1): hacker-news.firebaseio.com
2017-12-21 00:40:49,590:INFO:Starting new HTTPS connection (1): hacker-news.firebaseio.com
2017-12-21 00:40:50,217:INFO:Starting new HTTPS connection (1): hacker-news.firebaseio.com
2017-12-21 00:40:50,836:INFO:Starting new HTTPS connection (1): hacker-news.firebaseio.com
2017-12-21 00:40:51,455:INFO:Starting new HTTPS connection (1): hacker-news.firebaseio.com
2017-12-21 00:40:52,081:INFO:Starting new HTTPS connection (1): hacker-news.firebaseio.com
2017-12-21 00:40:52,702:INFO:Starting new HTTPS connection (1): hacker-news.firebaseio.com
2017-12-21 00:40:53,335:INFO:Starting new HTTPS connection (1): hacker-news.firebaseio.com
2017-12-21 00:40:54,269:INFO:Starting new HTTPS connection (1): hacker-news.firebaseio.com
2017-12-21 00:40:54,889:INFO:Starting new HTTPS connection (1): hacker-news.firebaseio.com
2017-12-21 00:40:55,522:INFO:found all files by filter
2017-12-21 00:40:55,523:INFO:writed records in file by filter
2017-12-21 00:41:13,325:INFO:Program started
2017-12-21 00:41:13,326:ERROR:User selected non-correct category: showstories5
